USB


coreboot-4.12-3940-g136380fcac-dirty Mon Nov  9 10:38:32 UTC 2020 bootblock starting (log level: 8)...
FMAP: Found "FLASH" version 1.1 at 0x810000.
FMAP: base = 0xff400000 size = 0xc00000 #areas = 4
FMAP: area COREBOOT found @ 810200 (4128256 bytes)
CBFS: Found 'fallback/romstage' @0x80 size 0x1604c
BS: bootblock times (exec / console): total (unknown) / 5 ms


coreboot-4.12-3940-g136380fcac-dirty Mon Nov  9 10:38:32 UTC 2020 romstage starting (log level: 7)...
SMBus controller enabled
Setting up static northbridge registers... done
Initializing Graphics...
Back from systemagent_early_init()
Intel ME early init
Intel ME firmware is ready
ME: Requested 0MB UMA
Starting native Platform init
DMI: Running at X4 @ 5000MT/s
FMAP: area RW_MRC_CACHE found @ 800000 (65536 bytes)
MRC: no data in 'RW_MRC_CACHE'
ECC supported: no ECC forced: no
ECC RAM unsupported.
SPD probe channel0, slot0
  Revision           : 11
  Type               : b
  Key                : 3
  Banks              : 8
  Capacity           : 4 Gb
  Supported voltages : 1.35V 1.5V
  SDRAM width        : 8
  Bus extension      : 0 bits
  Bus width          : 64
  FTB timings        : yes
  Optional features  : DLL-Off_mode RZQ/7 RZQ/6
  Thermal features   : ext_temp_range
  Thermal sensor     : no
  Standard SDRAM     : yes
  Rank1 Address bits : normal
  DIMM Reference card: F
  Manufacturer ID    : 9801
  Part number        : KHX2133C11S3L/8G
Not a DDR3 XMP profile!
No valid XMP profile found.
  Revision           : 11
  Type               : b
  Key                : 3
  Banks              : 8
  Capacity           : 4 Gb
  Supported voltages : 1.35V 1.5V
  SDRAM width        : 8
  Bus extension      : 0 bits
  Bus width          : 64
  FTB timings        : yes
  Optional features  : DLL-Off_mode RZQ/7 RZQ/6
  Thermal features   : ext_temp_range
  Thermal sensor     : no
  Standard SDRAM     : yes
  Rank1 Address bits : normal
  DIMM Reference card: F
  Manufacturer ID    : 9801
  Part number        : KHX2133C11S3L/8G
  Row    addr bits  : 16
  Column addr bits  : 10
  Number of ranks   : 2
  DIMM Capacity     : 8192 MB
  CAS latencies     : 6 7 8 9 10 11 12 13 14 15
  tCKmin            :   0.937 ns
  tAAmin            :  10.285 ns
  tWRmin            :  15.000 ns
  tRCDmin           :  11.125 ns
  tRRDmin           :   5.000 ns
  tRPmin            :  12.125 ns
  tRASmin           :  31.875 ns
  tRCmin            :  44.218 ns
  tRFCmin           : 260.000 ns
  tWTRmin           :   7.500 ns
  tRTPmin           :   7.500 ns
  tFAWmin           :  25.000 ns
channel[0] rankmap = 0x3
SPD probe channel0, slot1
Not a DDR3 SPD!
No valid XMP profile found.
Not a DDR3 SPD!
SPD probe channel1, slot0
Not a DDR3 SPD!
No valid XMP profile found.
Not a DDR3 SPD!
SPD probe channel1, slot1
Not a DDR3 SPD!
No valid XMP profile found.
Not a DDR3 SPD!
ECC is disabled
Starting Ivy Bridge RAM training (full initialization).
100MHz reference clock support: yes
PLL_REF100_CFG value: 0x7
Trying CAS 11, tCK 240.
Found compatible clock, CAS pair.
Selected DRAM frequency: 1066 MHz
Selected CAS latency   : 11T
PLL busy... done in 10 us
MCU frequency is set at : 1066 MHz
Selected CWL latency   : 10T
Selected tRCD          : 12T
Selected tRP           : 13T
Selected tRAS          : 34T
Selected tWR           : 16T
Selected tFAW          : 27T
Selected tRRD          : 6T
Selected tRTP          : 8T
Selected tWTR          : 8T
Selected tRFC          : 278T
XOVER CLK [c14] = 3000000
XOVER CMD [320c] = 24000
XOVER CLK [d14] = 0
XOVER CMD [330c] = 4000
DBP [4000] = 22abdc
RAP [4004] = d01b8686
OTHP [400c] = a0afa
OTHP [400c] = afa
REFI [4298] = 91162080
SRFTP [42a4] = 81f5b200
DBP [4400] = 22abdc
RAP [4404] = d01b8686
OTHP [440c] = a0afa
OTHP [440c] = afa
REFI [4698] = 91162080
SRFTP [46a4] = 81f5b200
Done dimm mapping
Update PCI-E configuration space:
PCI(0, 0, 0)[a0] = 0
PCI(0, 0, 0)[a4] = 2
PCI(0, 0, 0)[bc] = c2a00000
PCI(0, 0, 0)[a8] = 3d600000
PCI(0, 0, 0)[ac] = 2
PCI(0, 0, 0)[b8] = c0000000
PCI(0, 0, 0)[b0] = c0a00000
PCI(0, 0, 0)[b4] = c0800000
Done memory map
RCOMP...done
COMP2 done
COMP1 done
FORCE RCOMP and wait 20us...done
Done io registers
Done jedec reset
Done MRS commands
timA: 0, 0, 0: 0x71-0x0e-0x2b
timA: 0, 0, 1: 0x59-0x78-0x17
timA: 0, 0, 2: 0x0d-0x2a-0x48
timA: 0, 0, 3: 0x2e-0x4c-0x6b
timA: 0, 0, 4: 0x7d-0x1a-0x37
timA: 0, 0, 5: 0x2a-0x49-0x69
timA: 0, 0, 6: 0x5a-0x79-0x18
timA: 0, 0, 7: 0x4e-0x6c-0x0a
4024++;
4028++;
4024 -= 2;
4024 -= 2;
4024 -= 2;
4028 += 2;
increment 0, 0, 4
4028 += 2;
increment 0, 0, 0
increment 0, 0, 2
increment 0, 0, 4
increment 0, 0, 5
increment 0, 0, 6
increment 0, 0, 7
4024 += 1;
4028 += 1;
lane 0: 3, 8
Aval: 0, 0, 0: b0
lane 1: 0, 4
Aval: 0, 0, 1: 99
lane 2: 2, 8
Aval: 0, 0, 2: cd
lane 3: 0, 5
Aval: 0, 0, 3: 6d
lane 4: 3, 9
Aval: 0, 0, 4: 13d
lane 5: -2, 3
Aval: 0, 0, 5: e9
lane 6: -1, 5
Aval: 0, 0, 6: 11a
lane 7: 0, 7
Aval: 0, 0, 7: 10d
4024 += 0;
4028 += 0;
4028 -= 1;
4024 += 0;
4028 += 0;
4/8: 0, 0, 33, 9
final results:
Aval: 0, 0, 0: 70
Aval: 0, 0, 1: 59
Aval: 0, 0, 2: 8d
Aval: 0, 0, 3: 2d
Aval: 0, 0, 4: fd
Aval: 0, 0, 5: a9
Aval: 0, 0, 6: da
Aval: 0, 0, 7: cd
timA: 0, 1, 0: 0x6b-0x08-0x26
timA: 0, 1, 1: 0x54-0x74-0x15
timA: 0, 1, 2: 0x0d-0x2b-0x49
timA: 0, 1, 3: 0x2b-0x48-0x65
timA: 0, 1, 4: 0x7c-0x1a-0x38
timA: 0, 1, 5: 0x26-0x43-0x61
timA: 0, 1, 6: 0x54-0x73-0x13
timA: 0, 1, 7: 0x4a-0x68-0x07
4024++;
4028++;
4024 -= 2;
4024 -= 2;
4024 -= 2;
4028 += 2;
increment 0, 1, 4
4028 += 2;
increment 0, 1, 0
increment 0, 1, 2
increment 0, 1, 4
increment 0, 1, 5
increment 0, 1, 6
increment 0, 1, 7
4024 += 1;
4028 += 1;
lane 0: 4, 10
Aval: 0, 1, 0: ad
lane 1: -1, 4
Aval: 0, 1, 1: 96
lane 2: 2, 8
Aval: 0, 1, 2: ce
lane 3: 2, 8
Aval: 0, 1, 3: 6a
lane 4: 1, 7
Aval: 0, 1, 4: 13c
lane 5: 2, 8
Aval: 0, 1, 5: e6
lane 6: 1, 6
Aval: 0, 1, 6: 116
lane 7: 2, 7
Aval: 0, 1, 7: 10b
4024 += 0;
4028 += 0;
4028 -= 1;
4024 += 0;
4028 += 0;
4/8: 0, 1, 33, 9
final results:
Aval: 0, 1, 0: 6d
Aval: 0, 1, 1: 56
Aval: 0, 1, 2: 8e
Aval: 0, 1, 3: 2a
Aval: 0, 1, 4: fc
Aval: 0, 1, 5: a6
Aval: 0, 1, 6: d6
Aval: 0, 1, 7: cb
timB: 0, 0, 0: 0x49-0x6a-0x0c
timB: 0, 0, 1: 0x41-0x61-0x02
timB: 0, 0, 2: 0x79-0x1a-0x3c
timB: 0, 0, 3: 0x28-0x49-0x6b
timB: 0, 0, 4: 0x72-0x14-0x37
timB: 0, 0, 5: 0x19-0x3a-0x5b
timB: 0, 0, 6: 0x41-0x63-0x06
timB: 0, 0, 7: 0x27-0x48-0x6a
timB: 0, 1, 0: 0x43-0x64-0x06
timB: 0, 1, 1: 0x40-0x61-0x03
timB: 0, 1, 2: 0x76-0x16-0x37
timB: 0, 1, 3: 0x22-0x43-0x65
timB: 0, 1, 4: 0x6f-0x10-0x31
timB: 0, 1, 5: 0x16-0x37-0x59
timB: 0, 1, 6: 0x40-0x62-0x06
timB: 0, 1, 7: 0x29-0x4b-0x6e
CPE
CPF
timC: 0, 0, 0: 0x0a-0x22-0x3b
timC: 0, 0, 1: 0x06-0x20-0x3a
timC: 0, 0, 2: 0x3d-0x58-0x73
timC: 0, 0, 3: 0x2a-0x45-0x60
timC: 0, 0, 4: 0x34-0x4e-0x68
timC: 0, 0, 5: 0x18-0x32-0x4c
timC: 0, 0, 6: 0x02-0x1c-0x36
timC: 0, 0, 7: 0x24-0x3e-0x59
timC: 0, 1, 0: 0x03-0x1c-0x36
timC: 0, 1, 1: 0x04-0x1e-0x38
timC: 0, 1, 2: 0x39-0x54-0x6f
timC: 0, 1, 3: 0x24-0x3e-0x58
timC: 0, 1, 4: 0x30-0x49-0x63
timC: 0, 1, 5: 0x15-0x2f-0x49
timC: 0, 1, 6: 0x02-0x1c-0x36
timC: 0, 1, 7: 0x29-0x43-0x5d
High adjust 0:0000ffffffffffff
Bval+: 0, 0, 0, 49 -> c9
High adjust 1:0000ffffffffffff
Bval+: 0, 0, 1, 41 -> c1
High adjust 2:0000ffffffffffff
Bval+: 0, 0, 2, 79 -> f9
High adjust 3:0000ffffffffffff
Bval+: 0, 0, 3, 28 -> a8
High adjust 4:00000000ffffffff
Bval+: 0, 0, 4, 72 -> 172
High adjust 5:00000000ffffffff
Bval+: 0, 0, 5, 19 -> 119
High adjust 6:00000000ffffffff
Bval+: 0, 0, 6, 41 -> 141
High adjust 7:00000000ffffffff
Bval+: 0, 0, 7, 27 -> 127
High adjust 0:0000ffffffffffff
Bval+: 0, 1, 0, 43 -> c3
High adjust 1:0000ffffffffffff
Bval+: 0, 1, 1, 40 -> c0
High adjust 2:0000ffffffffffff
Bval+: 0, 1, 2, 76 -> f6
High adjust 3:0000ffffffffffff
Bval+: 0, 1, 3, 22 -> a2
High adjust 4:00000000ffffffff
Bval+: 0, 1, 4, 6f -> 16f
High adjust 5:00000000ffffffff
Bval+: 0, 1, 5, 16 -> 116
High adjust 6:00000000ffffffff
Bval+: 0, 1, 6, 40 -> 140
High adjust 7:00000000ffffffff
Bval+: 0, 1, 7, 29 -> 129
CP5a
discover falling edges:
[4eb0] = 300
eval 0, 0, 0: 26
eval 0, 0, 1: 1f
eval 0, 0, 2: 23
eval 0, 0, 3: 25
eval 0, 0, 4: 20
eval 0, 0, 5: 22
eval 0, 0, 6: 23
eval 0, 0, 7: 29
eval 0, 1, 0: 28
eval 0, 1, 1: 1f
eval 0, 1, 2: 21
eval 0, 1, 3: 26
eval 0, 1, 4: 20
eval 0, 1, 5: 23
eval 0, 1, 6: 21
eval 0, 1, 7: 2a
discover rising edges:
[4eb0] = 200
eval 0, 0, 0: 21
eval 0, 0, 1: 1a
eval 0, 0, 2: 1c
eval 0, 0, 3: 20
eval 0, 0, 4: 1b
eval 0, 0, 5: 20
eval 0, 0, 6: 1e
eval 0, 0, 7: 23
eval 0, 1, 0: 20
eval 0, 1, 1: 1c
eval 0, 1, 2: 1c
eval 0, 1, 3: 20
eval 0, 1, 4: 1b
eval 0, 1, 5: 1e
eval 0, 1, 6: 1e
eval 0, 1, 7: 24
CP5b
Trying cmd_stretch 0 on channel 0
cmd_stretch: 0, 0: 0x54-0x6c-0x85
cmd_stretch: 0, 1: 0x58-0x70-0x88
Using CMD rate 1T on channel 0
CP5c
discover falling edges write:
[4eb0] = 300
[3000] = 0x00000000
using pattern 0
edges: 0, 0, 0: 0x0d-0x23-0x3a, 0x1d-0x2a
edges: 0, 0, 0: 0x09-0x20-0x38, 0x19-0x28
edges: 0, 0, 0: 0x0a-0x22-0x3a, 0x1a-0x2a
edges: 0, 0, 0: 0x0c-0x24-0x3d, 0x1c-0x2d
edges: 0, 0, 0: 0x09-0x21-0x3a, 0x19-0x2a
edges: 0, 0, 0: 0x0e-0x26-0x3e, 0x1e-0x2e
edges: 0, 0, 0: 0x0a-0x22-0x3b, 0x1a-0x2b
edges: 0, 0, 0: 0x11-0x28-0x40, 0x21-0x30
using pattern 1
edges: 0, 0, 0: 0x11-0x26-0x3c, 0x21-0x2c
edges: 0, 0, 0: 0x0b-0x22-0x39, 0x1b-0x29
edges: 0, 0, 0: 0x0c-0x24-0x3c, 0x1c-0x2c
edges: 0, 0, 0: 0x0e-0x26-0x3e, 0x1e-0x2e
edges: 0, 0, 0: 0x0a-0x22-0x3b, 0x1a-0x2b
edges: 0, 0, 0: 0x10-0x27-0x3f, 0x20-0x2f
edges: 0, 0, 0: 0x0d-0x23-0x3a, 0x1d-0x2a
edges: 0, 0, 0: 0x12-0x29-0x41, 0x22-0x31
using pattern 2
edges: 0, 0, 0: 0x11-0x26-0x3c, 0x21-0x2c
edges: 0, 0, 0: 0x0a-0x22-0x3a, 0x1a-0x2a
edges: 0, 0, 0: 0x0b-0x23-0x3b, 0x1b-0x2b
edges: 0, 0, 0: 0x0e-0x27-0x40, 0x1e-0x30
edges: 0, 0, 0: 0x0a-0x23-0x3c, 0x1a-0x2c
edges: 0, 0, 0: 0x10-0x27-0x3f, 0x20-0x2f
edges: 0, 0, 0: 0x0d-0x23-0x3a, 0x1d-0x2a
edges: 0, 0, 0: 0x12-0x29-0x40, 0x22-0x30
using pattern 3
edges: 0, 0, 0: 0x11-0x27-0x3d, 0x21-0x2d
edges: 0, 0, 0: 0x0a-0x22-0x3a, 0x1a-0x2a
edges: 0, 0, 0: 0x0c-0x24-0x3c, 0x1c-0x2c
edges: 0, 0, 0: 0x0e-0x26-0x3e, 0x1e-0x2e
edges: 0, 0, 0: 0x0a-0x23-0x3c, 0x1a-0x2c
edges: 0, 0, 0: 0x10-0x27-0x3f, 0x20-0x2f
edges: 0, 0, 0: 0x0d-0x25-0x3d, 0x1d-0x2d
edges: 0, 0, 0: 0x11-0x2a-0x44, 0x21-0x34
[3000] = 0x0c000000
using pattern 0
edges: 0, 0, 1: 0x14-0x26-0x38, 0x1b-0x31
edges: 0, 0, 1: 0x10-0x22-0x34, 0x17-0x2d
edges: 0, 0, 1: 0x11-0x24-0x38, 0x18-0x31
edges: 0, 0, 1: 0x11-0x24-0x38, 0x18-0x31
edges: 0, 0, 1: 0x0e-0x21-0x35, 0x15-0x2e
edges: 0, 0, 1: 0x12-0x25-0x39, 0x19-0x32
edges: 0, 0, 1: 0x0f-0x23-0x37, 0x16-0x30
edges: 0, 0, 1: 0x15-0x28-0x3c, 0x1c-0x35
using pattern 1
edges: 0, 0, 1: 0x18-0x28-0x38, 0x1f-0x31
edges: 0, 0, 1: 0x12-0x23-0x35, 0x19-0x2e
edges: 0, 0, 1: 0x12-0x25-0x38, 0x19-0x31
edges: 0, 0, 1: 0x12-0x25-0x39, 0x19-0x32
edges: 0, 0, 1: 0x10-0x23-0x37, 0x17-0x30
edges: 0, 0, 1: 0x14-0x27-0x3a, 0x1b-0x33
edges: 0, 0, 1: 0x13-0x25-0x37, 0x1a-0x30
edges: 0, 0, 1: 0x18-0x2b-0x3f, 0x1f-0x38
using pattern 2
edges: 0, 0, 1: 0x18-0x29-0x3a, 0x1f-0x33
edges: 0, 0, 1: 0x11-0x22-0x34, 0x18-0x2d
edges: 0, 0, 1: 0x11-0x24-0x37, 0x18-0x30
edges: 0, 0, 1: 0x12-0x26-0x3b, 0x19-0x34
edges: 0, 0, 1: 0x10-0x23-0x37, 0x17-0x30
edges: 0, 0, 1: 0x13-0x26-0x3a, 0x1a-0x33
edges: 0, 0, 1: 0x12-0x24-0x36, 0x19-0x2f
edges: 0, 0, 1: 0x18-0x2a-0x3d, 0x1f-0x36
using pattern 3
edges: 0, 0, 1: 0x18-0x29-0x3b, 0x1f-0x34
edges: 0, 0, 1: 0x12-0x23-0x35, 0x19-0x2e
edges: 0, 0, 1: 0x11-0x25-0x3a, 0x18-0x33
edges: 0, 0, 1: 0x12-0x25-0x39, 0x19-0x32
edges: 0, 0, 1: 0x10-0x23-0x37, 0x17-0x30
edges: 0, 0, 1: 0x13-0x26-0x3a, 0x1a-0x33
edges: 0, 0, 1: 0x13-0x26-0x3a, 0x1a-0x33
edges: 0, 0, 1: 0x18-0x2b-0x3f, 0x1f-0x38
[3000] = 0x2c000000
using pattern 0
edges: 0, 0, 2: 0x12-0x23-0x35, 0x19-0x2e
edges: 0, 0, 2: 0x0f-0x20-0x31, 0x16-0x2a
edges: 0, 0, 2: 0x0f-0x22-0x36, 0x16-0x2f
edges: 0, 0, 2: 0x12-0x24-0x37, 0x19-0x30
edges: 0, 0, 2: 0x0f-0x22-0x35, 0x16-0x2e
edges: 0, 0, 2: 0x14-0x26-0x39, 0x1b-0x32
edges: 0, 0, 2: 0x10-0x22-0x35, 0x17-0x2e
edges: 0, 0, 2: 0x19-0x2a-0x3b, 0x20-0x34
using pattern 1
edges: 0, 0, 2: 0x18-0x28-0x38, 0x1f-0x31
edges: 0, 0, 2: 0x11-0x23-0x35, 0x18-0x2e
edges: 0, 0, 2: 0x10-0x24-0x38, 0x17-0x31
edges: 0, 0, 2: 0x13-0x26-0x39, 0x1a-0x32
edges: 0, 0, 2: 0x10-0x23-0x37, 0x17-0x30
edges: 0, 0, 2: 0x15-0x27-0x3a, 0x1c-0x33
edges: 0, 0, 2: 0x14-0x25-0x36, 0x1b-0x2f
edges: 0, 0, 2: 0x1b-0x2d-0x3f, 0x22-0x38
using pattern 2
edges: 0, 0, 2: 0x17-0x27-0x37, 0x1e-0x30
edges: 0, 0, 2: 0x11-0x22-0x33, 0x18-0x2c
edges: 0, 0, 2: 0x10-0x23-0x37, 0x17-0x30
edges: 0, 0, 2: 0x13-0x26-0x39, 0x1a-0x32
edges: 0, 0, 2: 0x0f-0x23-0x37, 0x16-0x30
edges: 0, 0, 2: 0x17-0x28-0x3a, 0x1e-0x33
edges: 0, 0, 2: 0x14-0x25-0x36, 0x1b-0x2f
edges: 0, 0, 2: 0x1a-0x2b-0x3c, 0x21-0x35
using pattern 3
edges: 0, 0, 2: 0x18-0x28-0x38, 0x1f-0x31
edges: 0, 0, 2: 0x11-0x21-0x32, 0x18-0x2b
edges: 0, 0, 2: 0x10-0x23-0x37, 0x17-0x30
edges: 0, 0, 2: 0x13-0x25-0x38, 0x1a-0x31
edges: 0, 0, 2: 0x0f-0x22-0x36, 0x16-0x2f
edges: 0, 0, 2: 0x17-0x28-0x3a, 0x1e-0x33
edges: 0, 0, 2: 0x13-0x25-0x38, 0x1a-0x31
edges: 0, 0, 2: 0x19-0x2c-0x3f, 0x20-0x38
CPA
[3000] = 0x00000000
using pattern 0
edges: 0, 1, 0: 0x0b-0x23-0x3b, 0x1b-0x2b
edges: 0, 1, 0: 0x05-0x1c-0x33, 0x15-0x23
edges: 0, 1, 0: 0x08-0x1e-0x35, 0x18-0x25
edges: 0, 1, 0: 0x08-0x21-0x3a, 0x18-0x2a
edges: 0, 1, 0: 0x04-0x1c-0x35, 0x14-0x25
edges: 0, 1, 0: 0x08-0x21-0x3a, 0x18-0x2a
edges: 0, 1, 0: 0x07-0x1d-0x34, 0x17-0x24
edges: 0, 1, 0: 0x0d-0x24-0x3b, 0x1d-0x2b
using pattern 1
edges: 0, 1, 0: 0x0e-0x24-0x3b, 0x1e-0x2b
edges: 0, 1, 0: 0x08-0x1e-0x35, 0x18-0x25
edges: 0, 1, 0: 0x09-0x1f-0x36, 0x19-0x26
edges: 0, 1, 0: 0x08-0x21-0x3b, 0x18-0x2b
edges: 0, 1, 0: 0x05-0x1e-0x37, 0x15-0x27
edges: 0, 1, 0: 0x0b-0x23-0x3b, 0x1b-0x2b
edges: 0, 1, 0: 0x0b-0x20-0x35, 0x1b-0x25
edges: 0, 1, 0: 0x0e-0x25-0x3d, 0x1e-0x2d
using pattern 2
edges: 0, 1, 0: 0x0d-0x25-0x3d, 0x1d-0x2d
edges: 0, 1, 0: 0x07-0x1e-0x35, 0x17-0x25
edges: 0, 1, 0: 0x09-0x1f-0x35, 0x19-0x25
edges: 0, 1, 0: 0x08-0x22-0x3c, 0x18-0x2c
edges: 0, 1, 0: 0x05-0x1e-0x37, 0x15-0x27
edges: 0, 1, 0: 0x0b-0x23-0x3c, 0x1b-0x2c
edges: 0, 1, 0: 0x0b-0x1f-0x34, 0x1b-0x24
edges: 0, 1, 0: 0x0e-0x25-0x3c, 0x1e-0x2c
using pattern 3
edges: 0, 1, 0: 0x0e-0x25-0x3d, 0x1e-0x2d
edges: 0, 1, 0: 0x07-0x1e-0x35, 0x17-0x25
edges: 0, 1, 0: 0x08-0x1f-0x36, 0x18-0x26
edges: 0, 1, 0: 0x09-0x22-0x3b, 0x19-0x2b
edges: 0, 1, 0: 0x05-0x1d-0x36, 0x15-0x26
edges: 0, 1, 0: 0x0b-0x23-0x3c, 0x1b-0x2c
edges: 0, 1, 0: 0x0a-0x20-0x36, 0x1a-0x26
edges: 0, 1, 0: 0x0f-0x27-0x3f, 0x1f-0x2f
[3000] = 0x0c000000
using pattern 0
edges: 0, 1, 1: 0x10-0x23-0x37, 0x17-0x30
edges: 0, 1, 1: 0x0b-0x1d-0x2f, 0x12-0x28
edges: 0, 1, 1: 0x0d-0x1f-0x32, 0x14-0x2b
edges: 0, 1, 1: 0x0d-0x21-0x36, 0x14-0x2f
edges: 0, 1, 1: 0x09-0x1d-0x31, 0x10-0x2a
edges: 0, 1, 1: 0x0e-0x21-0x34, 0x15-0x2d
edges: 0, 1, 1: 0x0a-0x1c-0x2f, 0x11-0x28
edges: 0, 1, 1: 0x10-0x23-0x37, 0x17-0x30
using pattern 1
edges: 0, 1, 1: 0x15-0x26-0x37, 0x1c-0x30
edges: 0, 1, 1: 0x0d-0x1e-0x30, 0x14-0x29
edges: 0, 1, 1: 0x0e-0x1f-0x31, 0x15-0x2a
edges: 0, 1, 1: 0x0e-0x22-0x36, 0x15-0x2f
edges: 0, 1, 1: 0x0a-0x1e-0x32, 0x11-0x2b
edges: 0, 1, 1: 0x10-0x23-0x36, 0x17-0x2f
edges: 0, 1, 1: 0x0f-0x20-0x32, 0x16-0x2b
edges: 0, 1, 1: 0x14-0x27-0x3a, 0x1b-0x33
using pattern 2
edges: 0, 1, 1: 0x15-0x27-0x39, 0x1c-0x32
edges: 0, 1, 1: 0x0c-0x1e-0x30, 0x13-0x29
edges: 0, 1, 1: 0x0f-0x1f-0x30, 0x16-0x29
edges: 0, 1, 1: 0x0e-0x22-0x37, 0x15-0x30
edges: 0, 1, 1: 0x0b-0x1f-0x34, 0x12-0x2d
edges: 0, 1, 1: 0x0f-0x22-0x36, 0x16-0x2f
edges: 0, 1, 1: 0x0e-0x1e-0x2e, 0x15-0x27
edges: 0, 1, 1: 0x13-0x26-0x39, 0x1a-0x32
using pattern 3
edges: 0, 1, 1: 0x15-0x27-0x39, 0x1c-0x32
edges: 0, 1, 1: 0x0d-0x1e-0x30, 0x14-0x29
edges: 0, 1, 1: 0x0e-0x21-0x34, 0x15-0x2d
edges: 0, 1, 1: 0x0e-0x22-0x36, 0x15-0x2f
edges: 0, 1, 1: 0x0a-0x1e-0x33, 0x11-0x2c
edges: 0, 1, 1: 0x0f-0x23-0x37, 0x16-0x30
edges: 0, 1, 1: 0x0f-0x21-0x33, 0x16-0x2c
edges: 0, 1, 1: 0x15-0x28-0x3b, 0x1c-0x34
[3000] = 0x2c000000
using pattern 0
edges: 0, 1, 2: 0x0f-0x22-0x35, 0x16-0x2e
edges: 0, 1, 2: 0x0c-0x1c-0x2d, 0x13-0x26
edges: 0, 1, 2: 0x0a-0x1c-0x2f, 0x11-0x28
edges: 0, 1, 2: 0x0e-0x21-0x34, 0x15-0x2d
edges: 0, 1, 2: 0x09-0x1c-0x30, 0x10-0x29
edges: 0, 1, 2: 0x0e-0x21-0x35, 0x15-0x2e
edges: 0, 1, 2: 0x0d-0x1e-0x2f, 0x14-0x28
edges: 0, 1, 2: 0x15-0x26-0x38, 0x1c-0x31
using pattern 1
edges: 0, 1, 2: 0x14-0x25-0x37, 0x1b-0x30
edges: 0, 1, 2: 0x0e-0x1f-0x30, 0x15-0x29
edges: 0, 1, 2: 0x0c-0x1f-0x32, 0x13-0x2b
edges: 0, 1, 2: 0x0e-0x22-0x36, 0x15-0x2f
edges: 0, 1, 2: 0x0b-0x1f-0x33, 0x12-0x2c
edges: 0, 1, 2: 0x0f-0x22-0x36, 0x16-0x2f
edges: 0, 1, 2: 0x13-0x21-0x30, 0x1a-0x29
edges: 0, 1, 2: 0x17-0x28-0x39, 0x1e-0x32
using pattern 2
edges: 0, 1, 2: 0x14-0x25-0x37, 0x1b-0x30
edges: 0, 1, 2: 0x0d-0x1e-0x2f, 0x14-0x28
edges: 0, 1, 2: 0x0c-0x1f-0x32, 0x13-0x2b
edges: 0, 1, 2: 0x0f-0x22-0x36, 0x16-0x2f
edges: 0, 1, 2: 0x0a-0x1e-0x32, 0x11-0x2b
edges: 0, 1, 2: 0x10-0x23-0x36, 0x17-0x2f
edges: 0, 1, 2: 0x12-0x21-0x30, 0x19-0x29
edges: 0, 1, 2: 0x17-0x27-0x37, 0x1e-0x30
using pattern 3
edges: 0, 1, 2: 0x14-0x25-0x37, 0x1b-0x30
edges: 0, 1, 2: 0x0e-0x1e-0x2f, 0x15-0x28
edges: 0, 1, 2: 0x0c-0x1e-0x30, 0x13-0x29
edges: 0, 1, 2: 0x0e-0x21-0x34, 0x15-0x2d
edges: 0, 1, 2: 0x0a-0x1d-0x31, 0x11-0x2a
edges: 0, 1, 2: 0x10-0x23-0x36, 0x17-0x2f
edges: 0, 1, 2: 0x11-0x21-0x32, 0x18-0x2b
edges: 0, 1, 2: 0x17-0x28-0x3a, 0x1e-0x33
CPA
discover rising edges write:
[4eb0] = 200
[3000] = 0x00000000
using pattern 0
edges: 0, 0, 0: 0x0e-0x22-0x37, 0x1e-0x27
edges: 0, 0, 0: 0x09-0x1c-0x30, 0x19-0x20
edges: 0, 0, 0: 0x08-0x1d-0x33, 0x18-0x23
edges: 0, 0, 0: 0x09-0x20-0x37, 0x19-0x27
edges: 0, 0, 0: 0x08-0x1d-0x33, 0x18-0x23
edges: 0, 0, 0: 0x0b-0x21-0x38, 0x1b-0x28
edges: 0, 0, 0: 0x0a-0x1e-0x32, 0x1a-0x22
edges: 0, 0, 0: 0x0f-0x22-0x35, 0x1f-0x25
using pattern 1
edges: 0, 0, 0: 0x10-0x23-0x37, 0x20-0x27
edges: 0, 0, 0: 0x0b-0x1f-0x33, 0x1b-0x23
edges: 0, 0, 0: 0x09-0x1f-0x35, 0x19-0x25
edges: 0, 0, 0: 0x0a-0x20-0x37, 0x1a-0x27
edges: 0, 0, 0: 0x09-0x1f-0x35, 0x19-0x25
edges: 0, 0, 0: 0x0e-0x24-0x3a, 0x1e-0x2a
edges: 0, 0, 0: 0x0a-0x1e-0x33, 0x1a-0x23
edges: 0, 0, 0: 0x10-0x24-0x38, 0x20-0x28
using pattern 2
edges: 0, 0, 0: 0x10-0x25-0x3a, 0x20-0x2a
edges: 0, 0, 0: 0x0b-0x1f-0x33, 0x1b-0x23
edges: 0, 0, 0: 0x09-0x1e-0x33, 0x19-0x23
edges: 0, 0, 0: 0x0b-0x22-0x39, 0x1b-0x29
edges: 0, 0, 0: 0x08-0x1e-0x35, 0x18-0x25
edges: 0, 0, 0: 0x0e-0x24-0x3a, 0x1e-0x2a
edges: 0, 0, 0: 0x0b-0x1e-0x32, 0x1b-0x22
edges: 0, 0, 0: 0x10-0x23-0x37, 0x20-0x27
using pattern 3
edges: 0, 0, 0: 0x10-0x24-0x39, 0x20-0x29
edges: 0, 0, 0: 0x0a-0x1d-0x31, 0x1a-0x21
edges: 0, 0, 0: 0x0a-0x20-0x36, 0x1a-0x26
edges: 0, 0, 0: 0x0a-0x20-0x37, 0x1a-0x27
edges: 0, 0, 0: 0x08-0x1e-0x35, 0x18-0x25
edges: 0, 0, 0: 0x0d-0x24-0x3c, 0x1d-0x2c
edges: 0, 0, 0: 0x0a-0x20-0x37, 0x1a-0x27
edges: 0, 0, 0: 0x11-0x25-0x3a, 0x21-0x2a
[3000] = 0x0c000000
using pattern 0
edges: 0, 0, 1: 0x15-0x23-0x32, 0x1c-0x2b
edges: 0, 0, 1: 0x0f-0x1d-0x2c, 0x16-0x25
edges: 0, 0, 1: 0x0d-0x1e-0x2f, 0x14-0x28
edges: 0, 0, 1: 0x10-0x21-0x33, 0x17-0x2c
edges: 0, 0, 1: 0x0e-0x1d-0x2d, 0x15-0x26
edges: 0, 0, 1: 0x11-0x23-0x36, 0x18-0x2f
edges: 0, 0, 1: 0x10-0x1f-0x2f, 0x17-0x28
edges: 0, 0, 1: 0x17-0x23-0x30, 0x1e-0x29
using pattern 1
edges: 0, 0, 1: 0x17-0x25-0x33, 0x1e-0x2c
edges: 0, 0, 1: 0x10-0x1f-0x2f, 0x17-0x28
edges: 0, 0, 1: 0x10-0x20-0x30, 0x17-0x29
edges: 0, 0, 1: 0x11-0x22-0x33, 0x18-0x2c
edges: 0, 0, 1: 0x10-0x1f-0x2f, 0x17-0x28
edges: 0, 0, 1: 0x15-0x25-0x36, 0x1c-0x2f
edges: 0, 0, 1: 0x11-0x1f-0x2e, 0x18-0x27
edges: 0, 0, 1: 0x18-0x25-0x33, 0x1f-0x2c
using pattern 2
edges: 0, 0, 1: 0x18-0x26-0x35, 0x1f-0x2e
edges: 0, 0, 1: 0x11-0x1f-0x2e, 0x18-0x27
edges: 0, 0, 1: 0x10-0x1f-0x2e, 0x17-0x27
edges: 0, 0, 1: 0x11-0x23-0x35, 0x18-0x2e
edges: 0, 0, 1: 0x0d-0x1e-0x2f, 0x14-0x28
edges: 0, 0, 1: 0x15-0x26-0x37, 0x1c-0x30
edges: 0, 0, 1: 0x11-0x20-0x2f, 0x18-0x28
edges: 0, 0, 1: 0x18-0x25-0x32, 0x1f-0x2b
using pattern 3
edges: 0, 0, 1: 0x18-0x27-0x36, 0x1f-0x2f
edges: 0, 0, 1: 0x11-0x20-0x2f, 0x18-0x28
edges: 0, 0, 1: 0x10-0x20-0x30, 0x17-0x29
edges: 0, 0, 1: 0x11-0x21-0x32, 0x18-0x2b
edges: 0, 0, 1: 0x0d-0x1d-0x2e, 0x14-0x27
edges: 0, 0, 1: 0x14-0x25-0x37, 0x1b-0x30
edges: 0, 0, 1: 0x11-0x21-0x31, 0x18-0x2a
edges: 0, 0, 1: 0x18-0x26-0x35, 0x1f-0x2e
[3000] = 0x2c000000
using pattern 0
edges: 0, 0, 2: 0x12-0x22-0x32, 0x19-0x2b
edges: 0, 0, 2: 0x0b-0x1c-0x2d, 0x12-0x26
edges: 0, 0, 2: 0x0d-0x1e-0x30, 0x14-0x29
edges: 0, 0, 2: 0x0e-0x1f-0x31, 0x15-0x2a
edges: 0, 0, 2: 0x09-0x1c-0x30, 0x10-0x29
edges: 0, 0, 2: 0x0e-0x22-0x36, 0x15-0x2f
edges: 0, 0, 2: 0x0f-0x1f-0x2f, 0x16-0x28
edges: 0, 0, 2: 0x11-0x21-0x32, 0x18-0x2b
using pattern 1
edges: 0, 0, 2: 0x13-0x23-0x34, 0x1a-0x2d
edges: 0, 0, 2: 0x0d-0x1c-0x2c, 0x14-0x25
edges: 0, 0, 2: 0x0e-0x1f-0x30, 0x15-0x29
edges: 0, 0, 2: 0x0e-0x20-0x33, 0x15-0x2c
edges: 0, 0, 2: 0x0c-0x1e-0x31, 0x13-0x2a
edges: 0, 0, 2: 0x12-0x24-0x37, 0x19-0x30
edges: 0, 0, 2: 0x0f-0x1f-0x2f, 0x16-0x28
edges: 0, 0, 2: 0x17-0x25-0x34, 0x1e-0x2d
using pattern 2
edges: 0, 0, 2: 0x11-0x22-0x34, 0x18-0x2d
edges: 0, 0, 2: 0x0c-0x1c-0x2d, 0x13-0x26
edges: 0, 0, 2: 0x0d-0x1e-0x30, 0x14-0x29
edges: 0, 0, 2: 0x0e-0x22-0x36, 0x15-0x2f
edges: 0, 0, 2: 0x09-0x1d-0x31, 0x10-0x2a
edges: 0, 0, 2: 0x11-0x23-0x36, 0x18-0x2f
edges: 0, 0, 2: 0x10-0x1f-0x2f, 0x17-0x28
edges: 0, 0, 2: 0x16-0x25-0x34, 0x1d-0x2d
using pattern 3
edges: 0, 0, 2: 0x14-0x23-0x33, 0x1b-0x2c
edges: 0, 0, 2: 0x0f-0x1d-0x2c, 0x16-0x25
edges: 0, 0, 2: 0x0e-0x20-0x32, 0x15-0x2b
edges: 0, 0, 2: 0x0e-0x20-0x33, 0x15-0x2c
edges: 0, 0, 2: 0x09-0x1d-0x31, 0x10-0x2a
edges: 0, 0, 2: 0x11-0x23-0x36, 0x18-0x2f
edges: 0, 0, 2: 0x10-0x21-0x32, 0x17-0x2b
edges: 0, 0, 2: 0x16-0x25-0x34, 0x1d-0x2d
CPA
[3000] = 0x00000000
using pattern 0
edges: 0, 1, 0: 0x09-0x1d-0x32, 0x19-0x22
edges: 0, 1, 0: 0x04-0x19-0x2f, 0x14-0x1f
edges: 0, 1, 0: 0x04-0x1a-0x31, 0x14-0x21
edges: 0, 1, 0: 0x05-0x1b-0x32, 0x15-0x22
edges: 0, 1, 0: 0x04-0x1a-0x30, 0x14-0x20
edges: 0, 1, 0: 0x06-0x1c-0x33, 0x16-0x23
edges: 0, 1, 0: 0x05-0x19-0x2e, 0x15-0x1e
edges: 0, 1, 0: 0x0b-0x1f-0x33, 0x1b-0x23
using pattern 1
edges: 0, 1, 0: 0x0b-0x1f-0x33, 0x1b-0x23
edges: 0, 1, 0: 0x05-0x1b-0x32, 0x15-0x22
edges: 0, 1, 0: 0x06-0x1c-0x33, 0x16-0x23
edges: 0, 1, 0: 0x07-0x1c-0x32, 0x17-0x22
edges: 0, 1, 0: 0x04-0x1b-0x33, 0x14-0x23
edges: 0, 1, 0: 0x09-0x1e-0x34, 0x19-0x24
edges: 0, 1, 0: 0x05-0x1b-0x31, 0x15-0x21
edges: 0, 1, 0: 0x0b-0x20-0x35, 0x1b-0x25
using pattern 2
edges: 0, 1, 0: 0x0c-0x20-0x35, 0x1c-0x25
edges: 0, 1, 0: 0x06-0x1c-0x32, 0x16-0x22
edges: 0, 1, 0: 0x06-0x1b-0x30, 0x16-0x20
edges: 0, 1, 0: 0x08-0x1e-0x34, 0x18-0x24
edges: 0, 1, 0: 0x04-0x1b-0x32, 0x14-0x22
edges: 0, 1, 0: 0x09-0x1e-0x34, 0x19-0x24
edges: 0, 1, 0: 0x06-0x1a-0x2f, 0x16-0x1f
edges: 0, 1, 0: 0x0c-0x1f-0x33, 0x1c-0x23
using pattern 3
edges: 0, 1, 0: 0x0c-0x20-0x34, 0x1c-0x24
edges: 0, 1, 0: 0x05-0x1b-0x32, 0x15-0x22
edges: 0, 1, 0: 0x07-0x1d-0x33, 0x17-0x23
edges: 0, 1, 0: 0x07-0x1d-0x33, 0x17-0x23
edges: 0, 1, 0: 0x03-0x1a-0x32, 0x13-0x22
edges: 0, 1, 0: 0x07-0x1e-0x35, 0x17-0x25
edges: 0, 1, 0: 0x07-0x1d-0x33, 0x17-0x23
edges: 0, 1, 0: 0x0c-0x21-0x37, 0x1c-0x27
[3000] = 0x0c000000
using pattern 0
edges: 0, 1, 1: 0x10-0x1e-0x2c, 0x17-0x25
edges: 0, 1, 1: 0x0a-0x1a-0x2b, 0x11-0x24
edges: 0, 1, 1: 0x0a-0x1a-0x2b, 0x11-0x24
edges: 0, 1, 1: 0x0c-0x1c-0x2d, 0x13-0x26
edges: 0, 1, 1: 0x0a-0x1a-0x2b, 0x11-0x24
edges: 0, 1, 1: 0x0d-0x1d-0x2e, 0x14-0x27
edges: 0, 1, 1: 0x0c-0x1b-0x2b, 0x13-0x24
edges: 0, 1, 1: 0x11-0x1f-0x2e, 0x18-0x27
using pattern 1
edges: 0, 1, 1: 0x11-0x1f-0x2e, 0x18-0x27
edges: 0, 1, 1: 0x0c-0x1c-0x2d, 0x13-0x26
edges: 0, 1, 1: 0x0c-0x1d-0x2e, 0x13-0x27
edges: 0, 1, 1: 0x0d-0x1d-0x2e, 0x14-0x27
edges: 0, 1, 1: 0x0b-0x1c-0x2e, 0x12-0x27
edges: 0, 1, 1: 0x10-0x1f-0x2f, 0x17-0x28
edges: 0, 1, 1: 0x0d-0x1c-0x2c, 0x14-0x25
edges: 0, 1, 1: 0x13-0x22-0x32, 0x1a-0x2b
using pattern 2
edges: 0, 1, 1: 0x13-0x21-0x30, 0x1a-0x29
edges: 0, 1, 1: 0x0d-0x1d-0x2d, 0x14-0x26
edges: 0, 1, 1: 0x0c-0x1b-0x2b, 0x13-0x24
edges: 0, 1, 1: 0x0e-0x1e-0x2f, 0x15-0x28
edges: 0, 1, 1: 0x09-0x1b-0x2d, 0x10-0x26
edges: 0, 1, 1: 0x10-0x1f-0x2f, 0x17-0x28
edges: 0, 1, 1: 0x0d-0x1c-0x2b, 0x14-0x24
edges: 0, 1, 1: 0x14-0x21-0x2f, 0x1b-0x28
using pattern 3
edges: 0, 1, 1: 0x13-0x21-0x30, 0x1a-0x29
edges: 0, 1, 1: 0x0c-0x1c-0x2d, 0x13-0x26
edges: 0, 1, 1: 0x0d-0x1d-0x2e, 0x14-0x27
edges: 0, 1, 1: 0x0d-0x1d-0x2e, 0x14-0x27
edges: 0, 1, 1: 0x08-0x1a-0x2c, 0x0f-0x25
edges: 0, 1, 1: 0x0e-0x1f-0x31, 0x15-0x2a
edges: 0, 1, 1: 0x0d-0x1d-0x2e, 0x14-0x27
edges: 0, 1, 1: 0x14-0x23-0x33, 0x1b-0x2c
[3000] = 0x2c000000
using pattern 0
edges: 0, 1, 2: 0x0d-0x1c-0x2c, 0x14-0x25
edges: 0, 1, 2: 0x07-0x19-0x2b, 0x0e-0x24
edges: 0, 1, 2: 0x07-0x19-0x2c, 0x0e-0x25
edges: 0, 1, 2: 0x0a-0x1b-0x2d, 0x11-0x26
edges: 0, 1, 2: 0x05-0x18-0x2c, 0x0c-0x25
edges: 0, 1, 2: 0x08-0x1c-0x31, 0x0f-0x2a
edges: 0, 1, 2: 0x0c-0x1b-0x2b, 0x13-0x24
edges: 0, 1, 2: 0x0c-0x1d-0x2f, 0x13-0x28
using pattern 1
edges: 0, 1, 2: 0x0f-0x1e-0x2d, 0x16-0x26
edges: 0, 1, 2: 0x0b-0x1b-0x2b, 0x12-0x24
edges: 0, 1, 2: 0x08-0x1c-0x30, 0x0f-0x29
edges: 0, 1, 2: 0x0a-0x1b-0x2d, 0x11-0x26
edges: 0, 1, 2: 0x08-0x1a-0x2d, 0x0f-0x26
edges: 0, 1, 2: 0x0d-0x1f-0x32, 0x14-0x2b
edges: 0, 1, 2: 0x0d-0x1c-0x2c, 0x14-0x25
edges: 0, 1, 2: 0x11-0x20-0x30, 0x18-0x29
using pattern 2
edges: 0, 1, 2: 0x0f-0x1f-0x2f, 0x16-0x28
edges: 0, 1, 2: 0x08-0x19-0x2b, 0x0f-0x24
edges: 0, 1, 2: 0x07-0x1a-0x2d, 0x0e-0x26
edges: 0, 1, 2: 0x0a-0x1d-0x30, 0x11-0x29
edges: 0, 1, 2: 0x05-0x18-0x2c, 0x0c-0x25
edges: 0, 1, 2: 0x0c-0x1e-0x31, 0x13-0x2a
edges: 0, 1, 2: 0x0d-0x1c-0x2b, 0x14-0x24
edges: 0, 1, 2: 0x0f-0x20-0x32, 0x16-0x2b
using pattern 3
edges: 0, 1, 2: 0x0f-0x1f-0x2f, 0x16-0x28
edges: 0, 1, 2: 0x09-0x1a-0x2b, 0x10-0x24
edges: 0, 1, 2: 0x09-0x1c-0x2f, 0x10-0x28
edges: 0, 1, 2: 0x0a-0x1c-0x2f, 0x11-0x28
edges: 0, 1, 2: 0x05-0x19-0x2e, 0x0c-0x27
edges: 0, 1, 2: 0x0c-0x1e-0x31, 0x13-0x2a
edges: 0, 1, 2: 0x0d-0x1e-0x2f, 0x14-0x28
edges: 0, 1, 2: 0x11-0x21-0x32, 0x18-0x2b
CPA
discover timC write:
timC: 0, 0, 0: 0x0b-0x21-0x37, 0x1d-0x25
timC: 0, 0, 0: 0x06-0x1c-0x33, 0x18-0x21
timC: 0, 0, 0: 0x3e-0x53-0x68, 0x50-0x56
timC: 0, 0, 0: 0x2c-0x43-0x5a, 0x3e-0x48
timC: 0, 0, 0: 0x35-0x4d-0x65, 0x47-0x53
timC: 0, 0, 0: 0x18-0x2e-0x44, 0x2a-0x32
timC: 0, 0, 0: 0x03-0x19-0x30, 0x15-0x1e
timC: 0, 0, 0: 0x25-0x3b-0x52, 0x37-0x40
timC: 0, 1, 0: 0x04-0x1a-0x30, 0x16-0x1e
timC: 0, 1, 0: 0x04-0x1b-0x32, 0x16-0x20
timC: 0, 1, 0: 0x3b-0x50-0x66, 0x4d-0x54
timC: 0, 1, 0: 0x25-0x3b-0x52, 0x37-0x40
timC: 0, 1, 0: 0x30-0x47-0x5e, 0x42-0x4c
timC: 0, 1, 0: 0x16-0x2c-0x43, 0x28-0x31
timC: 0, 1, 0: 0x02-0x18-0x2e, 0x14-0x1c
timC: 0, 1, 0: 0x2a-0x40-0x57, 0x3c-0x45
timC: 0, 0, 0: 0x0a-0x20-0x36, 0x1c-0x24
timC: 0, 0, 0: 0x03-0x19-0x30, 0x15-0x1e
timC: 0, 0, 0: 0x3f-0x53-0x68, 0x51-0x56
timC: 0, 0, 0: 0x2b-0x41-0x57, 0x3d-0x45
timC: 0, 0, 0: 0x33-0x4b-0x63, 0x45-0x51
timC: 0, 0, 0: 0x18-0x2d-0x43, 0x2a-0x31
timC: 0, 0, 0: 0x03-0x17-0x2c, 0x15-0x1a
timC: 0, 0, 0: 0x22-0x3a-0x52, 0x34-0x40
timC: 0, 1, 0: 0x04-0x18-0x2c, 0x16-0x1a
timC: 0, 1, 0: 0x00-0x17-0x2f, 0x12-0x1d
timC: 0, 1, 0: 0x3c-0x50-0x65, 0x4e-0x53
timC: 0, 1, 0: 0x24-0x3a-0x50, 0x36-0x3e
timC: 0, 1, 0: 0x2f-0x46-0x5d, 0x41-0x4b
timC: 0, 1, 0: 0x16-0x2a-0x3f, 0x28-0x2d
timC: 0, 1, 0: 0x03-0x17-0x2b, 0x15-0x19
timC: 0, 1, 0: 0x25-0x3d-0x56, 0x37-0x44
timC: 0, 0, 0: 0x07-0x1e-0x35, 0x19-0x23
timC: 0, 0, 0: 0x08-0x1c-0x30, 0x1a-0x1e
timC: 0, 0, 0: 0x3f-0x54-0x69, 0x51-0x57
timC: 0, 0, 0: 0x2b-0x41-0x58, 0x3d-0x46
timC: 0, 0, 0: 0x36-0x4c-0x63, 0x48-0x51
timC: 0, 0, 0: 0x19-0x2e-0x43, 0x2b-0x31
timC: 0, 0, 0: 0x03-0x18-0x2e, 0x15-0x1c
timC: 0, 0, 0: 0x25-0x3b-0x52, 0x37-0x40
timC: 0, 1, 0: 0x00-0x16-0x2c, 0x12-0x1a
timC: 0, 1, 0: 0x06-0x1a-0x2f, 0x18-0x1d
timC: 0, 1, 0: 0x3c-0x51-0x66, 0x4e-0x54
timC: 0, 1, 0: 0x24-0x3a-0x50, 0x36-0x3e
timC: 0, 1, 0: 0x2f-0x46-0x5e, 0x41-0x4c
timC: 0, 1, 0: 0x17-0x2b-0x40, 0x29-0x2e
timC: 0, 1, 0: 0x04-0x18-0x2c, 0x16-0x1a
timC: 0, 1, 0: 0x29-0x3f-0x56, 0x3b-0x44
timC: 0, 0, 0: 0x07-0x1e-0x36, 0x19-0x24
timC: 0, 0, 0: 0x02-0x18-0x2f, 0x14-0x1d
timC: 0, 0, 0: 0x3d-0x52-0x68, 0x4f-0x56
timC: 0, 0, 0: 0x2b-0x41-0x58, 0x3d-0x46
timC: 0, 0, 0: 0x34-0x4b-0x63, 0x46-0x51
timC: 0, 0, 0: 0x18-0x2e-0x44, 0x2a-0x32
timC: 0, 0, 0: 0x01-0x17-0x2d, 0x13-0x1b
timC: 0, 0, 0: 0x23-0x3a-0x52, 0x35-0x40
timC: 0, 1, 0: 0x00-0x16-0x2c, 0x12-0x1a
timC: 0, 1, 0: 0x02-0x18-0x2f, 0x14-0x1d
timC: 0, 1, 0: 0x39-0x4f-0x66, 0x4b-0x54
timC: 0, 1, 0: 0x24-0x3a-0x50, 0x36-0x3e
timC: 0, 1, 0: 0x30-0x47-0x5e, 0x42-0x4c
timC: 0, 1, 0: 0x15-0x2a-0x40, 0x27-0x2e
timC: 0, 1, 0: 0x01-0x16-0x2c, 0x13-0x1a
timC: 0, 1, 0: 0x27-0x3e-0x56, 0x39-0x44
timC: 0, 0, 1: 0x0f-0x20-0x31, 0x16-0x2a
timC: 0, 0, 1: 0x09-0x1b-0x2d, 0x10-0x26
timC: 0, 0, 1: 0x43-0x53-0x63, 0x4a-0x5c
timC: 0, 0, 1: 0x30-0x42-0x54, 0x37-0x4d
timC: 0, 0, 1: 0x3b-0x4c-0x5e, 0x42-0x57
timC: 0, 0, 1: 0x1c-0x2e-0x41, 0x23-0x3a
timC: 0, 0, 1: 0x05-0x17-0x2a, 0x0c-0x23
timC: 0, 0, 1: 0x2a-0x3b-0x4d, 0x31-0x46
timC: 0, 1, 1: 0x08-0x19-0x2b, 0x0f-0x24
timC: 0, 1, 1: 0x08-0x19-0x2b, 0x0f-0x24
timC: 0, 1, 1: 0x40-0x50-0x61, 0x47-0x5a
timC: 0, 1, 1: 0x2a-0x3b-0x4c, 0x31-0x45
timC: 0, 1, 1: 0x35-0x47-0x5a, 0x3c-0x53
timC: 0, 1, 1: 0x1c-0x2c-0x3d, 0x23-0x36
timC: 0, 1, 1: 0x07-0x18-0x29, 0x0e-0x22
timC: 0, 1, 1: 0x2f-0x3f-0x4f, 0x36-0x48
timC: 0, 0, 1: 0x0f-0x1f-0x2f, 0x16-0x28
timC: 0, 0, 1: 0x08-0x18-0x29, 0x0f-0x22
timC: 0, 0, 1: 0x44-0x51-0x5f, 0x4b-0x58
timC: 0, 0, 1: 0x30-0x40-0x51, 0x37-0x4a
timC: 0, 0, 1: 0x39-0x4b-0x5d, 0x40-0x56
timC: 0, 0, 1: 0x1d-0x2d-0x3d, 0x24-0x36
timC: 0, 0, 1: 0x09-0x17-0x26, 0x10-0x1f
timC: 0, 0, 1: 0x28-0x39-0x4b, 0x2f-0x44
timC: 0, 1, 1: 0x09-0x18-0x28, 0x10-0x21
timC: 0, 1, 1: 0x05-0x17-0x29, 0x0c-0x22
timC: 0, 1, 1: 0x40-0x4e-0x5d, 0x47-0x56
timC: 0, 1, 1: 0x2a-0x3a-0x4a, 0x31-0x43
timC: 0, 1, 1: 0x34-0x46-0x58, 0x3b-0x51
timC: 0, 1, 1: 0x1c-0x2b-0x3a, 0x23-0x33
timC: 0, 1, 1: 0x08-0x16-0x24, 0x0f-0x1d
timC: 0, 1, 1: 0x2c-0x3d-0x4f, 0x33-0x48
timC: 0, 0, 1: 0x0d-0x1d-0x2e, 0x14-0x27
timC: 0, 0, 1: 0x0b-0x1a-0x29, 0x12-0x22
timC: 0, 0, 1: 0x44-0x52-0x61, 0x4b-0x5a
timC: 0, 0, 1: 0x2f-0x40-0x52, 0x36-0x4b
timC: 0, 0, 1: 0x3b-0x4c-0x5e, 0x42-0x57
timC: 0, 0, 1: 0x1f-0x2e-0x3e, 0x26-0x37
timC: 0, 0, 1: 0x08-0x17-0x27, 0x0f-0x20
timC: 0, 0, 1: 0x2a-0x3b-0x4c, 0x31-0x45
timC: 0, 1, 1: 0x05-0x16-0x27, 0x0c-0x20
timC: 0, 1, 1: 0x0b-0x1a-0x29, 0x12-0x22
timC: 0, 1, 1: 0x40-0x4f-0x5e, 0x47-0x57
timC: 0, 1, 1: 0x29-0x3a-0x4b, 0x30-0x44
timC: 0, 1, 1: 0x34-0x46-0x58, 0x3b-0x51
timC: 0, 1, 1: 0x1d-0x2b-0x3a, 0x24-0x33
timC: 0, 1, 1: 0x0a-0x18-0x26, 0x11-0x1f
timC: 0, 1, 1: 0x2f-0x3f-0x4f, 0x36-0x48
timC: 0, 0, 1: 0x0c-0x1d-0x2f, 0x13-0x28
timC: 0, 0, 1: 0x07-0x17-0x28, 0x0e-0x21
timC: 0, 0, 1: 0x42-0x50-0x5f, 0x49-0x58
timC: 0, 0, 1: 0x30-0x41-0x53, 0x37-0x4c
timC: 0, 0, 1: 0x39-0x4b-0x5e, 0x40-0x57
timC: 0, 0, 1: 0x1c-0x2d-0x3f, 0x23-0x38
timC: 0, 0, 1: 0x07-0x17-0x27, 0x0e-0x20
timC: 0, 0, 1: 0x28-0x3a-0x4c, 0x2f-0x45
timC: 0, 1, 1: 0x05-0x16-0x27, 0x0c-0x20
timC: 0, 1, 1: 0x06-0x16-0x27, 0x0d-0x20
timC: 0, 1, 1: 0x3e-0x4d-0x5d, 0x45-0x56
timC: 0, 1, 1: 0x29-0x3a-0x4b, 0x30-0x44
timC: 0, 1, 1: 0x35-0x46-0x58, 0x3c-0x51
timC: 0, 1, 1: 0x1b-0x2b-0x3b, 0x22-0x34
timC: 0, 1, 1: 0x07-0x16-0x25, 0x0e-0x1e
timC: 0, 1, 1: 0x2d-0x3d-0x4e, 0x34-0x47
timC: 0, 0, 2: 0x0a-0x1d-0x31, 0x11-0x2a
timC: 0, 0, 2: 0x07-0x19-0x2c, 0x0e-0x25
timC: 0, 0, 2: 0x40-0x50-0x60, 0x47-0x59
timC: 0, 0, 2: 0x2e-0x41-0x54, 0x35-0x4d
timC: 0, 0, 2: 0x39-0x4d-0x61, 0x40-0x5a
timC: 0, 0, 2: 0x18-0x2b-0x3f, 0x1f-0x38
timC: 0, 0, 2: 0x04-0x18-0x2c, 0x0b-0x25
timC: 0, 0, 2: 0x29-0x3a-0x4c, 0x30-0x45
timC: 0, 1, 2: 0x07-0x18-0x2a, 0x0e-0x23
timC: 0, 1, 2: 0x04-0x17-0x2b, 0x0b-0x24
timC: 0, 1, 2: 0x3d-0x4d-0x5d, 0x44-0x56
timC: 0, 1, 2: 0x26-0x39-0x4c, 0x2d-0x45
timC: 0, 1, 2: 0x34-0x46-0x58, 0x3b-0x51
timC: 0, 1, 2: 0x1c-0x2c-0x3d, 0x23-0x36
timC: 0, 1, 2: 0x05-0x16-0x27, 0x0c-0x20
timC: 0, 1, 2: 0x2c-0x3e-0x50, 0x33-0x49
timC: 0, 0, 2: 0x0c-0x1d-0x2f, 0x13-0x28
timC: 0, 0, 2: 0x05-0x17-0x2a, 0x0c-0x23
timC: 0, 0, 2: 0x41-0x50-0x60, 0x48-0x59
timC: 0, 0, 2: 0x2f-0x41-0x53, 0x36-0x4c
timC: 0, 0, 2: 0x38-0x4c-0x60, 0x3f-0x59
timC: 0, 0, 2: 0x19-0x2a-0x3c, 0x20-0x35
timC: 0, 0, 2: 0x06-0x17-0x29, 0x0d-0x22
timC: 0, 0, 2: 0x27-0x39-0x4c, 0x2e-0x45
timC: 0, 1, 2: 0x06-0x15-0x25, 0x0d-0x1e
timC: 0, 1, 2: 0x02-0x15-0x29, 0x09-0x22
timC: 0, 1, 2: 0x3f-0x4e-0x5e, 0x46-0x57
timC: 0, 1, 2: 0x27-0x39-0x4b, 0x2e-0x44
timC: 0, 1, 2: 0x33-0x46-0x59, 0x3a-0x52
timC: 0, 1, 2: 0x1a-0x29-0x39, 0x21-0x32
timC: 0, 1, 2: 0x05-0x15-0x26, 0x0c-0x1f
timC: 0, 1, 2: 0x2b-0x3d-0x4f, 0x32-0x48
timC: 0, 0, 2: 0x0a-0x1c-0x2f, 0x11-0x28
timC: 0, 0, 2: 0x09-0x19-0x2a, 0x10-0x23
timC: 0, 0, 2: 0x44-0x52-0x60, 0x4b-0x59
timC: 0, 0, 2: 0x2d-0x40-0x53, 0x34-0x4c
timC: 0, 0, 2: 0x38-0x4b-0x5f, 0x3f-0x58
timC: 0, 0, 2: 0x1a-0x2c-0x3e, 0x21-0x37
timC: 0, 0, 2: 0x08-0x19-0x2a, 0x0f-0x23
timC: 0, 0, 2: 0x2a-0x3b-0x4c, 0x31-0x45
timC: 0, 1, 2: 0x04-0x14-0x25, 0x0b-0x1e
timC: 0, 1, 2: 0x06-0x17-0x28, 0x0d-0x21
timC: 0, 1, 2: 0x3d-0x4d-0x5e, 0x44-0x57
timC: 0, 1, 2: 0x25-0x38-0x4c, 0x2c-0x45
timC: 0, 1, 2: 0x33-0x45-0x58, 0x3a-0x51
timC: 0, 1, 2: 0x1c-0x2b-0x3a, 0x23-0x33
timC: 0, 1, 2: 0x06-0x16-0x26, 0x0d-0x1f
timC: 0, 1, 2: 0x2d-0x3e-0x4f, 0x34-0x48
timC: 0, 0, 2: 0x09-0x1c-0x2f, 0x10-0x28
timC: 0, 0, 2: 0x04-0x17-0x2b, 0x0b-0x24
timC: 0, 0, 2: 0x3e-0x4e-0x5f, 0x45-0x58
timC: 0, 0, 2: 0x2e-0x40-0x53, 0x35-0x4c
timC: 0, 0, 2: 0x37-0x4b-0x5f, 0x3e-0x58
timC: 0, 0, 2: 0x19-0x2b-0x3d, 0x20-0x36
timC: 0, 0, 2: 0x05-0x17-0x29, 0x0c-0x22
timC: 0, 0, 2: 0x29-0x3a-0x4c, 0x30-0x45
timC: 0, 1, 2: 0x04-0x14-0x25, 0x0b-0x1e
timC: 0, 1, 2: 0x02-0x14-0x27, 0x09-0x20
timC: 0, 1, 2: 0x3b-0x4c-0x5d, 0x42-0x56
timC: 0, 1, 2: 0x25-0x38-0x4c, 0x2c-0x45
timC: 0, 1, 2: 0x32-0x45-0x58, 0x39-0x51
timC: 0, 1, 2: 0x1b-0x2a-0x3a, 0x22-0x33
timC: 0, 1, 2: 0x04-0x15-0x26, 0x0b-0x1f
timC: 0, 1, 2: 0x2c-0x3d-0x4f, 0x33-0x48
CPB
timC 0, 0, 0: 20
timC 0, 0, 1: 1b
timC 0, 0, 2: 53
timC 0, 0, 3: 41
timC 0, 0, 4: 4c
timC 0, 0, 5: 2e
timC 0, 0, 6: 17
timC 0, 0, 7: 3b
timC 0, 1, 0: 18
timC 0, 1, 1: 1a
timC 0, 1, 2: 50
timC 0, 1, 3: 3a
timC 0, 1, 4: 46
timC 0, 1, 5: 2b
timC 0, 1, 6: 17
timC 0, 1, 7: 40
normalize 0, 0, 8: mat 253
normalize 0, 0, 8: delta -6
normalize 0, 1, 8: mat 252
normalize 0, 1, 8: delta -6
OTHP [400c] = afa
t123: 1586, 6000, 7620
ME: Wrong mode : 2
ME: FWS2: 0x100a0140
ME:  Bist in progress: 0x0
ME:  ICC Status      : 0x0
ME:  Invoke MEBx     : 0x0
ME:  CPU replaced    : 0x0
ME:  MBP ready       : 0x0
ME:  MFS failure     : 0x1
ME:  Warm reset req  : 0x0
ME:  CPU repl valid  : 0x1
ME:  (Reserved)      : 0x0
ME:  FW update req   : 0x0
ME:  (Reserved)      : 0x0
ME:  Current state   : 0xa
ME:  Current PM event: 0x0
ME:  Progress code   : 0x1
PASSED! Tell ME that DRAM is ready
ME: ME is reporting as disabled, so not waiting for a response.
ME: FWS2: 0x100a0140
ME:  Bist in progress: 0x0
ME:  ICC Status      : 0x0
ME:  Invoke MEBx     : 0x0
ME:  CPU replaced    : 0x0
ME:  MBP ready       : 0x0
ME:  MFS failure     : 0x1
ME:  Warm reset req  : 0x0
ME:  CPU repl valid  : 0x1
ME:  (Reserved)      : 0x0
ME:  FW update req   : 0x0
ME:  (Reserved)      : 0x0
ME:  Current state   : 0xa
ME:  Current PM event: 0x0
ME:  Progress code   : 0x1
ME: Requested BIOS Action: No DID Ack received
ME: FW Partition Table      : OK
ME: Bringup Loader Failure  : NO
ME: Firmware Init Complete  : NO
ME: Manufacturing Mode      : YES
ME: Boot Options Present    : NO
ME: Update In Progress      : NO
ME: Current Working State   : Initializing
ME: Current Operation State : Bring up
ME: Current Operation Mode  : Debug or Disabled by AltDisableBit
ME: Error Code              : No Error
ME: Progress Phase          : BUP Phase
ME: Power Management Event  : Clean Moff->Mx wake
ME: Progress Phase State    : Check to see if straps say ME DISABLED
memcfg DDR3 ref clock 133 MHz
memcfg DDR3 clock 2128 MHz
memcfg channel assignment: A: 0, B  1, C  2
memcfg channel[0] config (00620020):
   ECC inactive
   enhanced interleave mode on
   rank interleave on
   DIMMA 8192 MB width x8 dual rank, selected
   DIMMB 0 MB width x8 single rank
memcfg channel[1] config (00000000):
   ECC inactive
   enhanced interleave mode off
   rank interleave off
   DIMMA 0 MB width x8 single rank, selected
   DIMMB 0 MB width x8 single rank
CBMEM:
IMD: root @ 0xbffff000 254 entries.
IMD: root @ 0xbfffec00 62 entries.
External stage cache:
IMD: root @ 0xc03ff000 254 entries.
IMD: root @ 0xc03fec00 62 entries.
CBMEM entry for DIMM info: 0xbfffe8e0
SMM Memory Map
SMRAM       : 0xc0000000 0x800000
 Subregion 0: 0xc0000000 0x300000
 Subregion 1: 0xc0300000 0x100000
 Subregion 2: 0xc0400000 0x400000
MTRR Range: Start=bf800000 End=c0000000 (Size 800000)
MTRR Range: Start=c0000000 End=c0800000 (Size 800000)
MTRR Range: Start=ff000000 End=0 (Size 1000000)
FMAP: area COREBOOT found @ 810200 (4128256 bytes)
CBFS: Found 'fallback/postcar' @0x4a3c0 size 0x2c6c
Decompressing stage fallback/postcar @ 0xbfff3fc0 (27248 bytes)
Loading module at 0xbfff4000 with entry 0xbfff4000. filesize: 0x2b08 memsize: 0x6a30
Processing 66 relocs. Offset value of 0xbdff4000
BS: romstage times (exec / console): total (unknown) / 2463 ms
usbdebug: ramstage starting...
Normal boot
Enumerating buses...
Root Device scanning...
CPU_CLUSTER: 0 enabled
DOMAIN: 0000 enabled
DOMAIN: 0000 scanning...
PCI: pci_scan_bus for bus 00
PCI: 00:00.0 [8086/0154] enabled
PCI: 00:01.0 [8086/0151] disabled
PCI: 00:02.0 [8086/0166] enabled
PCI: 00:04.0 [8086/0153] enabled
PCI: 00:14.0 [8086/1e31] enabled
PCI: 00:16.0 [8086/1e3a] enabled
PCI: 00:16.1: Disabling device
PCI: 00:16.2: Disabling device
PCI: 00:16.3: Disabling device
PCI: 00:19.0 [8086/1502] enabled
PCI: 00:1a.0 [8086/1e2d] enabled
PCI: 00:1b.0 [8086/1e20] enabled
PCH: PCIe Root Port coalescing is enabled
PCI: 00:1c.0 [8086/1e10] enabled
PCI: 00:1c.1 [8086/1e12] enabled
PCI: 00:1c.2 [8086/1e14] enabled
PCI: 00:1c.3: Disabling device
PCI: 00:1c.3 [8086/1e16] disabled
PCI: 00:1c.4: Disabling device
PCI: 00:1c.4: check set enabled
PCI: 00:1c.5: Disabling device
PCI: 00:1c.6: Disabling device
PCI: 00:1c.7: Disabling device
PCI: 00:1d.0 [8086/1e26] enabled
PCI: 00:1e.0: Disabling device
PCI: 00:1e.0 [8086/2448] disabled
PCI: 00:1f.0 [8086/1e55] enabled
PCI: 00:1f.2 [8086/1e01] enabled
PCI: 00:1f.3 [8086/1e22] enabled
PCI: 00:1f.5: Disabling device
PCI: 00:1f.5 [8086/1e09] disabled No operations
PCI: 00:1f.6 [8086/1e24] enabled
PCI: Leftover static devices:
PCI: 00:16.1
PCI: 00:16.2
PCI: 00:16.3
PCI: 00:1c.4
PCI: 00:1c.5
PCI: 00:1c.6
PCI: 00:1c.7
PCI: Check your devicetree.cb.
PCI: 00:1c.0 scanning...
PCI: pci_scan_bus for bus 01
PCI: 01:00.0 [1180/e823] enabled
Enabling Common Clock Configuration
ASPM: Enabled L0s and L1
PCIe: Max_Payload_Size adjusted to 128
Failed to enable LTR for dev = PCI: 01:00.0
scan_bus: bus PCI: 00:1c.0 finished in 18 msecs
PCI: 00:1c.1 scanning...
PCI: pci_scan_bus for bus 02
PCI: 02:00.0 [8086/08b1] enabled
Enabling Common Clock Configuration
ASPM: Enabled L1
PCIe: Max_Payload_Size adjusted to 128
scan_bus: bus PCI: 00:1c.1 finished in 13 msecs
PCI: 00:1c.2 scanning...
PCI: pci_scan_bus for bus 03
scan_bus: bus PCI: 00:1c.2 finished in 2 msecs
PCI: 00:1f.0 scanning...
PMH7: ID 05 Revision 12
PNP: 00ff.1 enabled
PNP: 0c31.0 enabled
H8: EC Firmware ID G2HT35WW-3.22, Version 4.01B
H8: WWAN not installed
PNP: 00ff.2 enabled
scan_bus: bus PCI: 00:1f.0 finished in 15 msecs
PCI: 00:1f.3 scanning...
I2C: 01:54 enabled
bus: PCI: 00:1f.3[0]->I2C: 01:55 enabled
bus: PCI: 00:1f.3[0]->I2C: 01:56 enabled
bus: PCI: 00:1f.3[0]->I2C: 01:57 enabled
bus: PCI: 00:1f.3[0]->I2C: 01:5c enabled
bus: PCI: 00:1f.3[0]->I2C: 01:5d enabled
bus: PCI: 00:1f.3[0]->I2C: 01:5e enabled
bus: PCI: 00:1f.3[0]->I2C: 01:5f enabled
bus: PCI: 00:1f.3[0]->scan_bus: bus PCI: 00:1f.3 finished in 28 msecs
scan_bus: bus DOMAIN: 0000 finished in 202 msecs
scan_bus: bus Root Device finished in 209 msecs
done
BS: BS_DEV_ENUMERATE run times (exec / console): 6 / 210 ms
FMAP: area RW_MRC_CACHE found @ 800000 (65536 bytes)
FMAP: area RW_MRC_CACHE found @ 800000 (65536 bytes)
MRC: Checking cached data update for 'RW_MRC_CACHE'.
flash size 0xc00000 bytes
SF: Detected 00 0000 with sector size 0x100, total 0xc00000
MRC: no data in 'RW_MRC_CACHE'
MRC: cache data 'RW_MRC_CACHE' needs update.
SF: Successfully written 2 bytes @ 0x800000
SF: Successfully written 2 bytes @ 0x800002
SF: Successfully written 16 bytes @ 0x800050
SF: Successfully written 1588 bytes @ 0x800060
MRC: updated 'RW_MRC_CACHE'.
BS: BS_DEV_ENUMERATE exit times (exec / console): 19 / 42 ms
found VGA at PCI: 00:02.0
Setting up VGA for PCI: 00:02.0
Setting PCI_BRIDGE_CTL_VGA for bridge DOMAIN: 0000
Setting PCI_BRIDGE_CTL_VGA for bridge Root Device
Allocating resources...
Reading resources...
Adding PCIe enhanced config space BAR 0xf0000000-0xf4000000.
TOUUD 0x23d600000 TOLUD 0xc2a00000 TOM 0x200000000
MEBASE 0x7ffff00000
IGD decoded, subtracting 32M UMA and 2M GTT
TSEG base 0xc0000000 size 8M
Available memory below 4GB: 3072M
Available memory above 4GB: 5078M
PCI: 00:1a.0 EHCI BAR hook registered
More than one caller of pci_ehci_read_resources from PCI: 00:1d.0
PNP: 00ff.1 missing read_resources
PNP: 00ff.2 missing read_resources
Done reading resources.
==== Resource allocator: DOMAIN: 0000 - Pass 1 (gathering requirements) ===
 PCI: 00:1c.0 io: size: 0 align: 12 gran: 12 limit: ffff
 PCI: 00:1c.0 io: size: 0 align: 12 gran: 12 limit: ffff done
 PCI: 00:1c.0 mem: size: 0 align: 20 gran: 20 limit: ffffffff
  PCI: 01:00.0 10 *  [0x0 - 0xff] mem
 PCI: 00:1c.0 mem: size: 100000 align: 20 gran: 20 limit: ffffffff done
 PCI: 00:1c.0 prefmem: size: 0 align: 20 gran: 20 limit: ffffffffffffffff
 PCI: 00:1c.0 prefmem: size: 0 align: 20 gran: 20 limit: ffffffffffffffff done
 PCI: 00:1c.1 io: size: 0 align: 12 gran: 12 limit: ffff
 PCI: 00:1c.1 io: size: 0 align: 12 gran: 12 limit: ffff done
 PCI: 00:1c.1 mem: size: 0 align: 20 gran: 20 limit: ffffffff
  PCI: 02:00.0 10 *  [0x0 - 0x1fff] mem
 PCI: 00:1c.1 mem: size: 100000 align: 20 gran: 20 limit: ffffffff done
 PCI: 00:1c.1 prefmem: size: 0 align: 20 gran: 20 limit: ffffffffffffffff
 PCI: 00:1c.1 prefmem: size: 0 align: 20 gran: 20 limit: ffffffffffffffff done
 PCI: 00:1c.2 io: size: 0 align: 12 gran: 12 limit: ffff
  NONE 18 *  [0x0 - 0xfff] io
 PCI: 00:1c.2 io: size: 1000 align: 12 gran: 12 limit: ffff done
 PCI: 00:1c.2 mem: size: 0 align: 20 gran: 20 limit: ffffffff
  NONE 10 *  [0x0 - 0x7fffff] mem
 PCI: 00:1c.2 mem: size: 800000 align: 22 gran: 20 limit: ffffffff done
 PCI: 00:1c.2 prefmem: size: 0 align: 20 gran: 20 limit: ffffffffffffffff
  NONE 14 *  [0x0 - 0x7fffff] prefmem
 PCI: 00:1c.2 prefmem: size: 800000 align: 22 gran: 20 limit: ffffffff done
=== Resource allocator: DOMAIN: 0000 - Pass 2 (allocating resources) ===
DOMAIN: 0000 io: base: 0 size: 0 align: 0 gran: 0 limit: ffff
 update_constraints: PCI: 00:1f.0 10000000 base 00000000 limit 00000fff io (fixed)
 update_constraints: PCI: 00:1f.0 10000200 base 00001600 limit 0000167b io (fixed)
 update_constraints: PCI: 00:1f.0 10000300 base 000015e0 limit 000015eb io (fixed)
 update_constraints: PNP: 00ff.1 77 base 000015e0 limit 000015ef io (fixed)
 update_constraints: PCI: 00:1f.3 20 base 00000400 limit 0000041f io (fixed)
 DOMAIN: 0000: Resource ranges:
 * Base: 1000, Size: 5e0, Tag: 100
 * Base: 15f0, Size: 10, Tag: 100
 * Base: 167c, Size: e984, Tag: 100
  PCI: 00:1c.2 1c *  [0x2000 - 0x2fff] limit: 2fff io
  PCI: 00:02.0 20 *  [0x1000 - 0x103f] limit: 103f io
  PCI: 00:19.0 18 *  [0x1040 - 0x105f] limit: 105f io
  PCI: 00:1f.2 20 *  [0x1060 - 0x107f] limit: 107f io
  PCI: 00:1f.2 10 *  [0x1080 - 0x1087] limit: 1087 io
  PCI: 00:1f.2 18 *  [0x1088 - 0x108f] limit: 108f io
  PCI: 00:1f.2 14 *  [0x1090 - 0x1093] limit: 1093 io
  PCI: 00:1f.2 1c *  [0x1094 - 0x1097] limit: 1097 io
DOMAIN: 0000 io: base: 0 size: 0 align: 0 gran: 0 limit: ffff done
DOMAIN: 0000 mem: base: 0 size: 0 align: 0 gran: 0 limit: fffffffff
 update_constraints: PCI: 00:00.0 60 base f0000000 limit f3ffffff mem (fixed)
 update_constraints: PCI: 00:00.0 03 base 00000000 limit 0009ffff mem (fixed)
 update_constraints: PCI: 00:00.0 04 base 00100000 limit bfffffff mem (fixed)
 update_constraints: PCI: 00:00.0 05 base 100000000 limit 23d5fffff mem (fixed)
 update_constraints: PCI: 00:00.0 06 base c0000000 limit c29fffff mem (fixed)
 update_constraints: PCI: 00:00.0 07 base 000a0000 limit 000bffff mem (fixed)
 update_constraints: PCI: 00:00.0 08 base 000c0000 limit 000fffff mem (fixed)
 update_constraints: PCI: 00:00.0 09 base fed90000 limit fed90fff mem (fixed)
 update_constraints: PCI: 00:00.0 0a base fed91000 limit fed91fff mem (fixed)
 update_constraints: PCI: 00:1f.0 10000100 base ff000000 limit ffffffff mem (fixed)
 update_constraints: PCI: 00:1f.0 03 base fec00000 limit fec00fff mem (fixed)
 update_constraints: PNP: 0c31.0 00 base fed40000 limit fed44fff mem (fixed)
 DOMAIN: 0000: Resource ranges:
 * Base: c2a00000, Size: 2d600000, Tag: 200
 * Base: f4000000, Size: ac00000, Tag: 200
 * Base: fec01000, Size: 13f000, Tag: 200
 * Base: fed45000, Size: 4b000, Tag: 200
 * Base: fed92000, Size: 26e000, Tag: 200
 * Base: 23d600000, Size: dc2a00000, Tag: 100200
  PCI: 00:02.0 18 *  [0xd0000000 - 0xdfffffff] limit: dfffffff prefmem
  PCI: 00:1c.2 24 *  [0xc2c00000 - 0xc33fffff] limit: c33fffff prefmem
  PCI: 00:1c.2 20 *  [0xc3400000 - 0xc3bfffff] limit: c3bfffff mem
  PCI: 00:02.0 10 *  [0xc3c00000 - 0xc3ffffff] limit: c3ffffff mem
  PCI: 00:1c.0 20 *  [0xc2a00000 - 0xc2afffff] limit: c2afffff mem
  PCI: 00:1c.1 20 *  [0xc2b00000 - 0xc2bfffff] limit: c2bfffff mem
  PCI: 00:19.0 10 *  [0xc4000000 - 0xc401ffff] limit: c401ffff mem
  PCI: 00:14.0 10 *  [0xc4020000 - 0xc402ffff] limit: c402ffff mem
  PCI: 00:04.0 10 *  [0xc4030000 - 0xc4037fff] limit: c4037fff mem
  PCI: 00:1b.0 10 *  [0xc4038000 - 0xc403bfff] limit: c403bfff mem
  PCI: 00:19.0 14 *  [0xc403c000 - 0xc403cfff] limit: c403cfff mem
  PCI: 00:1f.6 10 *  [0xc403d000 - 0xc403dfff] limit: c403dfff mem
  PCI: 00:1f.2 24 *  [0xc403e000 - 0xc403e7ff] limit: c403e7ff mem
  PCI: 00:1a.0 10 *  [0xc403f000 - 0xc403f3ff] limit: c403f3ff mem
  PCI: 00:1d.0 10 *  [0xc4040000 - 0xc40403ff] limit: c40403ff mem
  PCI: 00:1f.3 10 *  [0xc4041000 - 0xc40410ff] limit: c40410ff mem
  PCI: 00:16.0 10 *  [0xc4042000 - 0xc404200f] limit: c404200f mem
DOMAIN: 0000 mem: base: 0 size: 0 align: 0 gran: 0 limit: fffffffff done
PCI: 00:1c.0 mem: base: c2a00000 size: 100000 align: 20 gran: 20 limit: c2afffff
 PCI: 00:1c.0: Resource ranges:
 * Base: c2a00000, Size: 100000, Tag: 200
  PCI: 01:00.0 10 *  [0xc2a00000 - 0xc2a000ff] limit: c2a000ff mem
PCI: 00:1c.0 mem: base: c2a00000 size: 100000 align: 20 gran: 20 limit: c2afffff done
PCI: 00:1c.1 mem: base: c2b00000 size: 100000 align: 20 gran: 20 limit: c2bfffff
 PCI: 00:1c.1: Resource ranges:
 * Base: c2b00000, Size: 100000, Tag: 200
  PCI: 02:00.0 10 *  [0xc2b00000 - 0xc2b01fff] limit: c2b01fff mem
PCI: 00:1c.1 mem: base: c2b00000 size: 100000 align: 20 gran: 20 limit: c2bfffff done
PCI: 00:1c.2 io: base: 2000 size: 1000 align: 12 gran: 12 limit: 2fff
 PCI: 00:1c.2: Resource ranges:
 * Base: 2000, Size: 1000, Tag: 100
  NONE 18 *  [0x2000 - 0x2fff] limit: 2fff io
PCI: 00:1c.2 io: base: 2000 size: 1000 align: 12 gran: 12 limit: 2fff done
PCI: 00:1c.2 prefmem: base: c2c00000 size: 800000 align: 22 gran: 20 limit: c33fffff
 PCI: 00:1c.2: Resource ranges:
 * Base: c2c00000, Size: 800000, Tag: 1200
  NONE 14 *  [0xc2c00000 - 0xc33fffff] limit: c33fffff prefmem
PCI: 00:1c.2 prefmem: base: c2c00000 size: 800000 align: 22 gran: 20 limit: c33fffff done
PCI: 00:1c.2 mem: base: c3400000 size: 800000 align: 22 gran: 20 limit: c3bfffff
 PCI: 00:1c.2: Resource ranges:
 * Base: c3400000, Size: 800000, Tag: 200
  NONE 10 *  [0xc3400000 - 0xc3bfffff] limit: c3bfffff mem
PCI: 00:1c.2 mem: base: c3400000 size: 800000 align: 22 gran: 20 limit: c3bfffff done
=== Resource allocator: DOMAIN: 0000 - resource allocation complete ===
PCI: 00:02.0 10 <- [0x00c3c00000 - 0x00c3ffffff] size 0x00400000 gran 0x16 mem64
PCI: 00:02.0 18 <- [0x00d0000000 - 0x00dfffffff] size 0x10000000 gran 0x1c prefmem64
PCI: 00:02.0 20 <- [0x0000001000 - 0x000000103f] size 0x00000040 gran 0x06 io
PCI: 00:04.0 10 <- [0x00c4030000 - 0x00c4037fff] size 0x00008000 gran 0x0f mem64
PCI: 00:14.0 10 <- [0x00c4020000 - 0x00c402ffff] size 0x00010000 gran 0x10 mem64
PCI: 00:16.0 10 <- [0x00c4042000 - 0x00c404200f] size 0x00000010 gran 0x04 mem64
PCI: 00:19.0 10 <- [0x00c4000000 - 0x00c401ffff] size 0x00020000 gran 0x11 mem
PCI: 00:19.0 14 <- [0x00c403c000 - 0x00c403cfff] size 0x00001000 gran 0x0c mem
PCI: 00:19.0 18 <- [0x0000001040 - 0x000000105f] size 0x00000020 gran 0x05 io
PCI: 00:1a.0 EHCI Debug Port hook triggered
PCI: 00:1a.0 10 <- [0x00c403f000 - 0x00c403f3ff] size 0x00000400 gran 0x0a mem
PCI: 00:1a.0 EHCI Debug Port relocated
PCI: 00:1b.0 10 <- [0x00c4038000 - 0x00c403bfff] size 0x00004000 gran 0x0e mem64
PCI: 00:1c.0 1c <- [0x000000ffff - 0x000000fffe] size 0x00000000 gran 0x0c bus 01 io
PCI: 00:1c.0 24 <- [0xffffffffffffffff - 0xfffffffffffffffe] size 0x00000000 gran 0x14 bus 01 prefmem
PCI: 00:1c.0 20 <- [0x00c2a00000 - 0x00c2afffff] size 0x00100000 gran 0x14 bus 01 mem
PCI: 01:00.0 10 <- [0x00c2a00000 - 0x00c2a000ff] size 0x00000100 gran 0x08 mem
PCI: 00:1c.1 1c <- [0x000000ffff - 0x000000fffe] size 0x00000000 gran 0x0c bus 02 io
PCI: 00:1c.1 24 <- [0xffffffffffffffff - 0xfffffffffffffffe] size 0x00000000 gran 0x14 bus 02 prefmem
PCI: 00:1c.1 20 <- [0x00c2b00000 - 0x00c2bfffff] size 0x00100000 gran 0x14 bus 02 mem
PCI: 02:00.0 10 <- [0x00c2b00000 - 0x00c2b01fff] size 0x00002000 gran 0x0d mem64
PCI: 00:1c.2 1c <- [0x0000002000 - 0x0000002fff] size 0x00001000 gran 0x0c bus 03 io
PCI: 00:1c.2 24 <- [0x00c2c00000 - 0x00c33fffff] size 0x00800000 gran 0x14 bus 03 prefmem
PCI: 00:1c.2 20 <- [0x00c3400000 - 0x00c3bfffff] size 0x00800000 gran 0x14 bus 03 mem
NONE missing set_resources
PCI: 00:1d.0 10 <- [0x00c4040000 - 0x00c40403ff] size 0x00000400 gran 0x0a mem
PNP: 00ff.1 missing set_resources
PNP: 00ff.2 missing set_resources
PCI: 00:1f.2 10 <- [0x0000001080 - 0x0000001087] size 0x00000008 gran 0x03 io
PCI: 00:1f.2 14 <- [0x0000001090 - 0x0000001093] size 0x00000004 gran 0x02 io
PCI: 00:1f.2 18 <- [0x0000001088 - 0x000000108f] size 0x00000008 gran 0x03 io
PCI: 00:1f.2 1c <- [0x0000001094 - 0x0000001097] size 0x00000004 gran 0x02 io
PCI: 00:1f.2 20 <- [0x0000001060 - 0x000000107f] size 0x00000020 gran 0x05 io
PCI: 00:1f.2 24 <- [0x00c403e000 - 0x00c403e7ff] size 0x00000800 gran 0x0b mem
PCI: 00:1f.3 10 <- [0x00c4041000 - 0x00c40410ff] size 0x00000100 gran 0x08 mem64
PCI: 00:1f.6 10 <- [0x00c403d000 - 0x00c403dfff] size 0x00001000 gran 0x0c mem64
Done setting resources.
Done allocating resources.
BS: BS_DEV_RESOURCES run times (exec / console): 1 / 885 ms
Enabling resources...
PCI: 00:00.0 subsystem <- 8086/0154
PCI: 00:00.0 cmd <- 06
PCI: 00:02.0 subsystem <- 8086/0166
PCI: 00:02.0 cmd <- 03
PCI: 00:04.0 cmd <- 02
PCI: 00:14.0 subsystem <- 8086/1e31
PCI: 00:14.0 cmd <- 102
PCI: 00:16.0 subsystem <- 8086/1e3a
PCI: 00:16.0 cmd <- 02
PCI: 00:19.0 subsystem <- 17aa/21f3
PCI: 00:19.0 cmd <- 103
PCI: 00:1a.0 subsystem <- 8086/1e2d
PCI: 00:1a.0 cmd <- 106
PCI: 00:1b.0 subsystem <- 8086/1e20
PCI: 00:1b.0 cmd <- 102
PCI: 00:1c.0 bridge ctrl <- 0013
PCI: 00:1c.0 subsystem <- 8086/1e10
PCI: 00:1c.0 cmd <- 106
PCI: 00:1c.1 bridge ctrl <- 0013
PCI: 00:1c.1 subsystem <- 8086/1e12
PCI: 00:1c.1 cmd <- 106
PCI: 00:1c.2 bridge ctrl <- 0013
PCI: 00:1c.2 subsystem <- 8086/1e14
PCI: 00:1c.2 cmd <- 107
PCI: 00:1d.0 subsystem <- 8086/1e26
PCI: 00:1d.0 cmd <- 102
PCI: 00:1f.0 subsystem <- 8086/1e55
PCI: 00:1f.0 cmd <- 107
PCI: 00:1f.2 subsystem <- 8086/1e03
PCI: 00:1f.2 cmd <- 03
PCI: 00:1f.3 subsystem <- 8086/1e22
PCI: 00:1f.3 cmd <- 103
PCI: 00:1f.6 subsystem <- 8086/1e24
PCI: 00:1f.6 cmd <- 02
PCI: 01:00.0 subsystem <- 1180/e823
PCI: 01:00.0 cmd <- 06
PCI: 02:00.0 cmd <- 02
done.
BS: BS_DEV_ENABLE run times (exec / console): 0 / 101 ms
Found TPM ST33ZP24 by ST Microelectronics
TPM: Startup
TPM: command 0x99 returned 0x0
TPM: Asserting physical presence
TPM: command 0x4000000a returned 0x0
TPM: command 0x65 returned 0x0
TPM: flags disable=0, deactivated=0, nvlocked=1
TPM: setup succeeded
BS: BS_DEV_INIT entry times (exec / console): 64 / 8 ms
Initializing devices...
CPU_CLUSTER: 0 init
MTRR: Physical address space:
0x0000000000000000 - 0x00000000000a0000 size 0x000a0000 type 6
0x00000000000a0000 - 0x00000000000c0000 size 0x00020000 type 0
0x00000000000c0000 - 0x00000000c0000000 size 0xbff40000 type 6
0x00000000c0000000 - 0x00000000d0000000 size 0x10000000 type 0
0x00000000d0000000 - 0x00000000e0000000 size 0x10000000 type 1
0x00000000e0000000 - 0x0000000100000000 size 0x20000000 type 0
0x0000000100000000 - 0x000000023d600000 size 0x13d600000 type 6
MTRR: Fixed MSR 0x250 0x0606060606060606
MTRR: Fixed MSR 0x258 0x0606060606060606
MTRR: Fixed MSR 0x259 0x0000000000000000
MTRR: Fixed MSR 0x268 0x0606060606060606
MTRR: Fixed MSR 0x269 0x0606060606060606
MTRR: Fixed MSR 0x26a 0x0606060606060606
MTRR: Fixed MSR 0x26b 0x0606060606060606
MTRR: Fixed MSR 0x26c 0x0606060606060606
MTRR: Fixed MSR 0x26d 0x0606060606060606
MTRR: Fixed MSR 0x26e 0x0606060606060606
MTRR: Fixed MSR 0x26f 0x0606060606060606
CPU physical address size: 36 bits
MTRR: default type WB/UC MTRR counts: 3/5.
MTRR: WB selected as default type.
MTRR: 0 base 0x00000000c0000000 mask 0x0000000ff0000000 type 0
MTRR: 1 base 0x00000000d0000000 mask 0x0000000ff0000000 type 1
MTRR: 2 base 0x00000000e0000000 mask 0x0000000fe0000000 type 0

MTRR check
Fixed MTRRs   : Enabled
Variable MTRRs: Enabled

CPU has 2 cores, 4 threads enabled.
Setting up SMI for CPU
Will perform SMM setup.
FMAP: area COREBOOT found @ 810200 (4128256 bytes)
CPU: Intel(R) Core(TM) i7-3520M CPU @ 2.90GHz.
Loading module at 0x00030000 with entry 0x00030000. filesize: 0x170 memsize: 0x170
Processing 16 relocs. Offset value of 0x00030000
Attempting to start 3 APs
Waiting for 10ms after sending INIT.
Waiting for 1st SIPI to complete...AP: slot 1 apic_id 1.
done.
AP: slot 3 apic_id 2.
Waiting for 2nd SIPI to complete...done.
AP: slot 2 apic_id 3.
Loading module at 0x00038000 with entry 0x00038000. filesize: 0x1b8 memsize: 0x1b8
Processing 13 relocs. Offset value of 0x00038000
Unable to locate Global NVS
SMM Module: stub loaded at 0x00038000. Will call 0xbffc4b25(0x00000000)
Installing permanent SMM handler to 0xc0000000
Loading module at 0xc0010000 with entry 0xc001063e. filesize: 0x1d90 memsize: 0x5f08
Processing 85 relocs. Offset value of 0xc0010000
Loading module at 0xc0008000 with entry 0xc0008000. filesize: 0x1b8 memsize: 0x1b8
Processing 13 relocs. Offset value of 0xc0008000
SMM Module: placing jmp sequence at 0xc0007c00 rel16 0x03fd
SMM Module: placing jmp sequence at 0xc0007800 rel16 0x07fd
SMM Module: placing jmp sequence at 0xc0007400 rel16 0x0bfd
Unable to locate Global NVS
SMM Module: stub loaded at 0xc0008000. Will call 0xc001063e(0x00000000)
Initializing southbridge SMI...
smm_do_relocation : curr_smbase 0x30000 perm_smbase 0xc0000000, cpu = 0
In relocation handler: cpu 0
New SMBASE=0xc0000000 IEDBASE=0xc0400000
Writing SMRR. base = 0xc0000006, mask=0xff800800
Relocation complete.
smm_do_relocation : curr_smbase 0x30000 perm_smbase 0xbffffc00, cpu = 1
In relocation handler: cpu 1
New SMBASE=0xbffffc00 IEDBASE=0xc0400000
Writing SMRR. base = 0xc0000006, mask=0xff800800
Relocation complete.
smm_do_relocation : curr_smbase 0x30000 perm_smbase 0xbffff800, cpu = 2
In relocation handler: cpu 2
New SMBASE=0xbffff800 IEDBASE=0xc0400000
Writing SMRR. base = 0xc0000006, mask=0xff800800
Relocation complete.
smm_do_relocation : curr_smbase 0x30000 perm_smbase 0xbffff400, cpu = 3
In relocation handler: cpu 3
New SMBASE=0xbffff400 IEDBASE=0xc0400000
Writing SMRR. base = 0xc0000006, mask=0xff800800
Relocation complete.
Initializing CPU #0
CPU: vendor Intel device 306a9
CPU: family 06, model 3a, stepping 09
Enabling cache
CPU: Intel(R) Core(TM) i7-3520M CPU @ 2.90GHz.
CPU: platform id 4
CPU: cpuid(1) 0x306a9
CPU: AES supported
CPU: TXT supported
CPU: VT supported
Setting up local APIC...
 apic_id: 0x00 done.
IA32_FEATURE_CONTROL already locked; VMX status: enabled
IA32_FEATURE_CONTROL already locked
cpu: energy policy set to 6
model_x06ax: frequency set to 2900
Turbo is available but hidden
Turbo is available and visible
CPU #0 initialized
Initializing CPU #1
Initializing CPU #3
Initializing CPU #2
CPU: vendor Intel device 306a9
CPU: family 06, model 3a, stepping 09
CPU: vendor Intel device 306a9
CPU: family 06, model 3a, stepping 09
Enabling cache
Enabling cache
CPU: Intel(R) Core(TM) i7-3520M CPU @ 2.90GHz.
CPU: Intel(R) Core(TM) i7-3520M CPU @ 2.90GHz.
CPU: platform id 4
CPU: platform id 4
CPU: cpuid(1) 0x306a9
CPU: cpuid(1) 0x306a9
CPU: AES supported
CPU: TXT supported
CPU: VT supported
CPU: AES supported
CPU: TXT supported
CPU: VT supported
Setting up local APIC...
Setting up local APIC...
 apic_id: 0x02 done.
 apic_id: 0x03 done.
IA32_FEATURE_CONTROL already locked; VMX status: disabled
VMX status: enabled
IA32_FEATURE_CONTROL already locked
IA32_FEATURE_CONTROL status: locked
cpu: energy policy set to 6
cpu: energy policy set to 6
model_x06ax: frequency set to 2900
model_x06ax: frequency set to 2900
CPU #2 initialized
CPU #3 initialized
CPU: vendor Intel device 306a9
CPU: family 06, model 3a, stepping 09
Enabling cache
CPU: Intel(R) Core(TM) i7-3520M CPU @ 2.90GHz.
CPU: platform id 4
CPU: cpuid(1) 0x306a9
CPU: AES supported
CPU: TXT supported
CPU: VT supported
Setting up local APIC...
 apic_id: 0x01 done.
VMX status: enabled
IA32_FEATURE_CONTROL status: locked
cpu: energy policy set to 6
model_x06ax: frequency set to 2900
CPU #1 initialized
bsp_do_flight_plan done after 317 msecs.
Initializing southbridge SMI...
SMI_STS: 
GPE0_STS: GPIO14 GPIO11 GPIO9 GPIO7 GPIO5 GPIO4 GPIO3 GPIO2 GPIO0 
ALT_GP_SMI_STS: GPI14 GPI13 GPI11 GPI10 GPI9 GPI7 GPI6 GPI5 GPI4 GPI3 GPI2 GPI1 GPI0 
TCO_STS: 
Locking SMM.
CPU_CLUSTER: 0 init finished in 458 msecs
PCI: 00:00.0 init
Disabling PEG12.
Disabling PEG11.
Disabling PEG10.
Disabling PEG60.
Disabling Device 7.
Disabling PEG IO clock.
Set BIOS_RESET_CPL
CPU TDP: 35 Watts
PCI: 00:00.0 init finished in 13 msecs
PCI: 00:02.0 init
FMAP: area COREBOOT found @ 810200 (4128256 bytes)
CBFS: Found 'vbt.bin' @0x39480 size 0x572
Found a VBT of 3986 bytes after decompression
GMA: Found VBT in CBFS
GMA: Found valid VBT in CBFS
GT Power Management Init
IVB GT2 25W-35W Power Meter Weights
FMAP: area COREBOOT found @ 810200 (4128256 bytes)
CBFS: Found 'pci8086,0166.rom' @0x3a340 size 0x10000
In CBFS, ROM address for PCI: 00:02.0 = 0xffc4a588
Copying VGA ROM Image from 0xffc4a588 to 0xc0000, 0x10000 bytes
Calling Option ROM...
intel_vga_int15_handler: AX=5fac BX=0190 CX=0000 DX=00c0
Unknown INT15 function 5fac!
int15 call returned error.
intel_vga_int15_handler: AX=5f40 BX=0000 CX=0004 DX=0001
DISPLAY=0
intel_vga_int15_handler: AX=5f35 BX=c000 CX=0002 DX=03da
... Option ROM returned.
VGA Option ROM was run
GT Power Management Init (post VBIOS)
PCI: 00:02.0 init finished in 616 msecs
PCI: 00:04.0 init
PCI: 00:04.0 init finished in 0 msecs
PCI: 00:14.0 init
XHCI: Setting up controller.. done.
PCI: 00:14.0 init finished in 0 msecs
PCI: 00:16.0 init
ME: FW Partition Table      : OK
ME: Bringup Loader Failure  : NO
ME: Firmware Init Complete  : NO
ME: Manufacturing Mode      : YES
ME: Boot Options Present    : NO
ME: Update In Progress      : NO
ME: Current Working State   : Initializing
ME: Current Operation State : Bring up
ME: Current Operation Mode  : Debug or Disabled by AltDisableBit
ME: Error Code              : No Error
ME: Progress Phase          : BUP Phase
ME: Power Management Event  : Clean Moff->Mx wake
ME: Progress Phase State    : Check to see if straps say ME DISABLED
intel_me_path: mbp is not ready!
ME: BIOS path: Error
PCI: 00:16.0 init finished in 10 msecs
PCI: 00:19.0 init
PCI: 00:19.0 init finished in 0 msecs
PCI: 00:1a.0 init
EHCI: Setting up controller.. done.
PCI: 00:1a.0 init finished in 0 msecs
PCI: 00:1b.0 init
Azalia: base = c4038000
Azalia: codec_mask = 09
Azalia: Initializing codec #3
Azalia: codec viddid: 80862806
Azalia: verb_size: 16
Azalia: verb loaded.
Azalia: Initializing codec #0
Azalia: codec viddid: 10ec0269
Azalia: verb_size: 76
Azalia: verb loaded.
PCI: 00:1b.0 init finished in 10 msecs
PCI: 00:1c.0 init
Initializing PCH PCIe bridge.
PCI: 00:1c.0 init finished in 0 msecs
PCI: 00:1c.1 init
Initializing PCH PCIe bridge.
PCI: 00:1c.1 init finished in 0 msecs
PCI: 00:1c.2 init
Initializing PCH PCIe bridge.
PCI: 00:1c.2 init finished in 0 msecs
PCI: 00:1d.0 init
EHCI: Setting up controller.. done.
PCI: 00:1d.0 init finished in 0 msecs
PCI: 00:1f.0 init
pch: lpc_init
PCH: detected QM77, device id: 0x1e55, rev id 0x4
IOAPIC: Initializing IOAPIC at 0xfec00000
IOAPIC: Bootstrap Processor Local APIC = 0x00
IOAPIC: ID = 0x02
Set power off after power failure.
NMI sources enabled.
PantherPoint PM init
RTC: failed = 0x0
RTC Init
Disabling ACPI via APMC.
APMC done.
pch_spi_init
PCI: 00:1f.0 init finished in 6 msecs
PCI: 00:1f.2 init
SATA: Initializing...
SATA: Controller in AHCI mode.
ABAR: 0xc403e000
PCI: 00:1f.2 init finished in 1 msecs
PCI: 00:1f.3 init
PCI: 00:1f.3 init finished in 0 msecs
PCI: 00:1f.6 init
PCI: 00:1f.6 init finished in 0 msecs
PCI: 01:00.0 init
PCI: 01:00.0 init finished in 0 msecs
PCI: 02:00.0 init
PCI: 02:00.0 init finished in 0 msecs
PNP: 00ff.2 init
Keyboard init...
Keyboard controller output buffer result timeout
PS/2 keyboard initialized on primary channel
PNP: 00ff.2 init finished in 511 msecs
smbus: PCI: 00:1f.3[0]->I2C: 01:54 init
I2C: 01:54 init finished in 0 msecs
smbus: PCI: 00:1f.3[0]->I2C: 01:55 init
I2C: 01:55 init finished in 0 msecs
smbus: PCI: 00:1f.3[0]->I2C: 01:56 init
I2C: 01:56 init finished in 0 msecs
smbus: PCI: 00:1f.3[0]->I2C: 01:57 init
I2C: 01:57 init finished in 0 msecs
smbus: PCI: 00:1f.3[0]->I2C: 01:5c init
Locking EEPROM RFID
init EEPROM done
I2C: 01:5c init finished in 27 msecs
smbus: PCI: 00:1f.3[0]->I2C: 01:5d init
I2C: 01:5d init finished in 0 msecs
smbus: PCI: 00:1f.3[0]->I2C: 01:5e init
I2C: 01:5e init finished in 0 msecs
smbus: PCI: 00:1f.3[0]->I2C: 01:5f init
I2C: 01:5f init finished in 0 msecs
Devices initialized
BS: BS_DEV_INIT run times (exec / console): 1304 / 397 ms
Finalize devices...
PCI: 00:1f.0 final
Devices finalized
BS: BS_POST_DEVICE run times (exec / console): 0 / 1 ms
FMAP: area COREBOOT found @ 810200 (4128256 bytes)
CBFS: Found 'fallback/dsdt.aml' @0x35b00 size 0x3917
FMAP: area COREBOOT found @ 810200 (4128256 bytes)
ACPI: Writing ACPI tables at bff6b000.
ACPI:    * FACS
ACPI:    * DSDT
ACPI:    * FADT
ACPI: added table 1/32, length now 40
ACPI:     * SSDT
Found 1 CPU(s) with 4 core(s) each.
PSS: 2901MHz power 35000 control 0x2400 status 0x2400
PSS: 2900MHz power 35000 control 0x1d00 status 0x1d00
PSS: 2400MHz power 27295 control 0x1800 status 0x1800
PSS: 2000MHz power 21703 control 0x1400 status 0x1400
PSS: 1600MHz power 16527 control 0x1000 status 0x1000
PSS: 1200MHz power 11795 control 0xc00 status 0xc00
PSS: 2901MHz power 35000 control 0x2400 status 0x2400
PSS: 2900MHz power 35000 control 0x1d00 status 0x1d00
PSS: 2400MHz power 27295 control 0x1800 status 0x1800
PSS: 2000MHz power 21703 control 0x1400 status 0x1400
PSS: 1600MHz power 16527 control 0x1000 status 0x1000
PSS: 1200MHz power 11795 control 0xc00 status 0xc00
PSS: 2901MHz power 35000 control 0x2400 status 0x2400
PSS: 2900MHz power 35000 control 0x1d00 status 0x1d00
PSS: 2400MHz power 27295 control 0x1800 status 0x1800
PSS: 2000MHz power 21703 control 0x1400 status 0x1400
PSS: 1600MHz power 16527 control 0x1000 status 0x1000
PSS: 1200MHz power 11795 control 0xc00 status 0xc00
PSS: 2901MHz power 35000 control 0x2400 status 0x2400
PSS: 2900MHz power 35000 control 0x1d00 status 0x1d00
PSS: 2400MHz power 27295 control 0x1800 status 0x1800
PSS: 2000MHz power 21703 control 0x1400 status 0x1400
PSS: 1600MHz power 16527 control 0x1000 status 0x1000
PSS: 1200MHz power 11795 control 0xc00 status 0xc00
Generating ACPI PIRQ entries
\_SB.PCI0.LPCB.TPM.TPM: LPC TPM PNP: 0c31.0
ACPI:    * H8
H8: BDC detection not implemented. Assuming BDC installed
H8: WWAN not installed
\_SB.PCI0.RP02.WF00:  PCI: 02:00.0
ACPI: added table 2/32, length now 44
ACPI:    * MCFG
ACPI: added table 3/32, length now 48
ACPI:    * TCPA
TCPA log created at 0xbff5a000
ACPI: added table 4/32, length now 52
ACPI:    * MADT
ACPI: added table 5/32, length now 56
current = bff707e0
ACPI:     * DMAR
ACPI: added table 6/32, length now 60
current = bff708a0
ACPI:    * HPET
ACPI: added table 7/32, length now 64
ACPI: done.
ACPI tables: 22752 bytes.
smbios_write_tables: bff59000
Create SMBIOS type 16
Create SMBIOS type 17
PCI: 02:00.0 (unknown)
SMBIOS tables: 897 bytes.
Writing table forward entry at 0x00000500
Wrote coreboot table at: 0x00000500, 0x10 bytes, checksum 4fe5
Writing coreboot table at 0xbff8f000
FMAP: area COREBOOT found @ 810200 (4128256 bytes)
CBFS: Found 'cmos_layout.bin' @0x39b80 size 0x75c
 0. 0000000000000000-0000000000000fff: CONFIGURATION TABLES
 1. 0000000000001000-000000000009ffff: RAM
 2. 00000000000a0000-00000000000fffff: RESERVED
 3. 0000000000100000-00000000bff58fff: RAM
 4. 00000000bff59000-00000000bffa9fff: CONFIGURATION TABLES
 5. 00000000bffaa000-00000000bfff2fff: RAMSTAGE
 6. 00000000bfff3000-00000000bfffffff: CONFIGURATION TABLES
 7. 00000000c0000000-00000000c29fffff: RESERVED
 8. 00000000f0000000-00000000f3ffffff: RESERVED
 9. 00000000fed40000-00000000fed44fff: RESERVED
10. 00000000fed90000-00000000fed91fff: RESERVED
11. 0000000100000000-000000023d5fffff: RAM
FMAP: area COREBOOT found @ 810200 (4128256 bytes)
Wrote coreboot table at: 0xbff8f000, 0xb10 bytes, checksum 1e17
coreboot table: 2856 bytes.
IMD ROOT    0. 0xbffff000 0x00001000
IMD SMALL   1. 0xbfffe000 0x00001000
TIME STAMP  2. 0xbfffd000 0x00000910
MRC DATA    3. 0xbfffc000 0x00000644
ROMSTG STCK 4. 0xbfffb000 0x00001000
AFTER CAR   5. 0xbfff3000 0x00008000
RAMSTAGE    6. 0xbffa9000 0x0004a000
SMM BACKUP  7. 0xbff99000 0x00010000
4f444749    8. 0xbff97000 0x00002000
COREBOOT    9. 0xbff8f000 0x00008000
ACPI       10. 0xbff6b000 0x00024000
ACPI GNVS  11. 0xbff6a000 0x00001000
TCPA TCGLOG12. 0xbff5a000 0x00010000
SMBIOS     13. 0xbff59000 0x00000800
IMD small region:
  IMD ROOT    0. 0xbfffec00 0x00000400
  USBDEBUG    1. 0xbfffeba0 0x00000050
  FMAP        2. 0xbfffeac0 0x000000e0
  MEM INFO    3. 0xbfffe8e0 0x000001e0
  ROMSTAGE    4. 0xbfffe8c0 0x00000004
BS: BS_WRITE_TABLES run times (exec / console): 25 / 87 ms
FMAP: area COREBOOT found @ 810200 (4128256 bytes)
CBFS: Found 'fallback/payload' @0x6b440 size 0xecd7
Checking segment from ROM address 0xffc7b678
Payload being loaded at below 1MiB without region being marked as RAM usable.
Checking segment from ROM address 0xffc7b694
Loading segment from ROM address 0xffc7b678
  code (compression=1)
  New segment dstaddr 0x000e4e40 memsize 0x1b1c0 srcaddr 0xffc7b6b0 filesize 0xec9f
Loading Segment: addr: 0x000e4e40 memsz: 0x000000000001b1c0 filesz: 0x000000000000ec9f
using LZMA
Loading segment from ROM address 0xffc7b694
  Entry Point 0x000fd770
BS: BS_PAYLOAD_LOAD run times (exec / console): 18 / 29 ms
ICH-NM10-PCH: watchdog disabled
Jumping to boot code at 0x000fd770(0xbff8f000)
